DEBUG 2021-05-11 22:49:33,696 utils (0.000) 
            SELECT name, type FROM sqlite_master
            WHERE type in ('table', 'view') AND NOT name='sqlite_sequence'
            ORDER BY name; args=None
DEBUG 2021-05-11 22:49:33,704 utils (0.000) SELECT "django_migrations"."id", "django_migrations"."app", "django_migrations"."name", "django_migrations"."applied" FROM "django_migrations"; args=()
DEBUG 2021-05-11 22:49:51,935 utils (0.000) SELECT "cities_city"."id", "cities_city"."name" FROM "cities_city" WHERE "cities_city"."id" = 1 LIMIT 21; args=(1,)
DEBUG 2021-05-11 22:49:52,228 utils (0.000) SELECT "cities_city"."id", "cities_city"."name" FROM "cities_city" WHERE "cities_city"."id" = 6 LIMIT 21; args=(6,)
DEBUG 2021-05-11 22:49:52,234 utils (0.000) SELECT "trains_train"."id", "trains_train"."name", "trains_train"."travel_time", "trains_train"."from_city_id", "trains_train"."to_city_id", "cities_city"."id", "cities_city"."name", T3."id", T3."name" FROM "trains_train" INNER JOIN "cities_city" ON ("trains_train"."from_city_id" = "cities_city"."id") INNER JOIN "cities_city" T3 ON ("trains_train"."to_city_id" = T3."id") ORDER BY "trains_train"."travel_time" ASC; args=()
DEBUG 2021-05-11 22:49:52,294 utils (0.000) SELECT "cities_city"."id", "cities_city"."name" FROM "cities_city" ORDER BY "cities_city"."name" ASC; args=()
DEBUG 2021-05-11 22:49:52,310 utils (0.000) SELECT "cities_city"."id", "cities_city"."name" FROM "cities_city" ORDER BY "cities_city"."name" ASC; args=()
DEBUG 2021-05-11 22:49:52,321 utils (0.000) SELECT "cities_city"."id", "cities_city"."name" FROM "cities_city" ORDER BY "cities_city"."name" ASC; args=()
DEBUG 2021-05-11 22:49:54,637 utils (0.000) SELECT "cities_city"."id", "cities_city"."name" FROM "cities_city" WHERE "cities_city"."id" = 1 LIMIT 21; args=(1,)
DEBUG 2021-05-11 22:49:54,639 utils (0.000) SELECT "cities_city"."id", "cities_city"."name" FROM "cities_city" WHERE "cities_city"."id" = 6 LIMIT 21; args=(6,)
DEBUG 2021-05-11 22:49:54,641 utils (0.000) SELECT "trains_train"."id", "trains_train"."name", "trains_train"."travel_time", "trains_train"."from_city_id", "trains_train"."to_city_id", "cities_city"."id", "cities_city"."name", T3."id", T3."name" FROM "trains_train" INNER JOIN "cities_city" ON ("trains_train"."from_city_id" = "cities_city"."id") INNER JOIN "cities_city" T3 ON ("trains_train"."to_city_id" = T3."id") ORDER BY "trains_train"."travel_time" ASC; args=()
DEBUG 2021-05-11 22:49:54,656 utils (0.000) SELECT "cities_city"."id", "cities_city"."name" FROM "cities_city" ORDER BY "cities_city"."name" ASC; args=()
DEBUG 2021-05-11 22:49:54,668 utils (0.000) SELECT "cities_city"."id", "cities_city"."name" FROM "cities_city" ORDER BY "cities_city"."name" ASC; args=()
DEBUG 2021-05-11 22:49:54,680 utils (0.000) SELECT "cities_city"."id", "cities_city"."name" FROM "cities_city" ORDER BY "cities_city"."name" ASC; args=()
DEBUG 2021-05-11 22:59:00,366 utils (0.000) 
            SELECT name, type FROM sqlite_master
            WHERE type in ('table', 'view') AND NOT name='sqlite_sequence'
            ORDER BY name; args=None
DEBUG 2021-05-11 22:59:00,366 utils (0.000) SELECT "django_migrations"."id", "django_migrations"."app", "django_migrations"."name", "django_migrations"."applied" FROM "django_migrations"; args=()
DEBUG 2021-05-11 23:07:47,053 utils (0.000) 
            SELECT name, type FROM sqlite_master
            WHERE type in ('table', 'view') AND NOT name='sqlite_sequence'
            ORDER BY name; args=None
DEBUG 2021-05-11 23:07:47,078 utils (0.000) SELECT "django_migrations"."id", "django_migrations"."app", "django_migrations"."name", "django_migrations"."applied" FROM "django_migrations"; args=()
DEBUG 2021-05-11 23:08:06,670 utils (0.000) 
            SELECT name, type FROM sqlite_master
            WHERE type in ('table', 'view') AND NOT name='sqlite_sequence'
            ORDER BY name; args=None
DEBUG 2021-05-11 23:08:06,686 utils (0.000) SELECT "django_migrations"."id", "django_migrations"."app", "django_migrations"."name", "django_migrations"."applied" FROM "django_migrations"; args=()
DEBUG 2021-05-11 23:08:21,903 utils (0.000) 
            SELECT name, type FROM sqlite_master
            WHERE type in ('table', 'view') AND NOT name='sqlite_sequence'
            ORDER BY name; args=None
DEBUG 2021-05-11 23:08:21,908 utils (0.000) SELECT "django_migrations"."id", "django_migrations"."app", "django_migrations"."name", "django_migrations"."applied" FROM "django_migrations"; args=()
DEBUG 2021-05-11 23:08:32,854 utils (0.000) 
            SELECT name, type FROM sqlite_master
            WHERE type in ('table', 'view') AND NOT name='sqlite_sequence'
            ORDER BY name; args=None
DEBUG 2021-05-11 23:08:32,859 utils (0.000) SELECT "django_migrations"."id", "django_migrations"."app", "django_migrations"."name", "django_migrations"."applied" FROM "django_migrations"; args=()
DEBUG 2021-05-11 23:08:53,687 utils (0.000) 
            SELECT name, type FROM sqlite_master
            WHERE type in ('table', 'view') AND NOT name='sqlite_sequence'
            ORDER BY name; args=None
DEBUG 2021-05-11 23:08:53,687 utils (0.000) SELECT "django_migrations"."id", "django_migrations"."app", "django_migrations"."name", "django_migrations"."applied" FROM "django_migrations"; args=()
DEBUG 2021-05-11 23:09:19,991 utils (0.000) 
            SELECT name, type FROM sqlite_master
            WHERE type in ('table', 'view') AND NOT name='sqlite_sequence'
            ORDER BY name; args=None
DEBUG 2021-05-11 23:09:19,991 utils (0.000) SELECT "django_migrations"."id", "django_migrations"."app", "django_migrations"."name", "django_migrations"."applied" FROM "django_migrations"; args=()
DEBUG 2021-05-11 23:10:02,733 utils (0.000) 
            SELECT name, type FROM sqlite_master
            WHERE type in ('table', 'view') AND NOT name='sqlite_sequence'
            ORDER BY name; args=None
DEBUG 2021-05-11 23:10:02,743 utils (0.000) SELECT "django_migrations"."id", "django_migrations"."app", "django_migrations"."name", "django_migrations"."applied" FROM "django_migrations"; args=()
DEBUG 2021-05-11 23:11:04,891 utils (0.000) 
            SELECT name, type FROM sqlite_master
            WHERE type in ('table', 'view') AND NOT name='sqlite_sequence'
            ORDER BY name; args=None
DEBUG 2021-05-11 23:11:04,906 utils (0.000) SELECT "django_migrations"."id", "django_migrations"."app", "django_migrations"."name", "django_migrations"."applied" FROM "django_migrations"; args=()
DEBUG 2021-05-11 23:12:01,207 utils (0.015) 
            SELECT name, type FROM sqlite_master
            WHERE type in ('table', 'view') AND NOT name='sqlite_sequence'
            ORDER BY name; args=None
DEBUG 2021-05-11 23:12:01,216 utils (0.000) SELECT "django_migrations"."id", "django_migrations"."app", "django_migrations"."name", "django_migrations"."applied" FROM "django_migrations"; args=()
DEBUG 2021-05-11 23:12:57,011 utils (0.000) 
            SELECT name, type FROM sqlite_master
            WHERE type in ('table', 'view') AND NOT name='sqlite_sequence'
            ORDER BY name; args=None
DEBUG 2021-05-11 23:12:57,011 utils (0.000) SELECT "django_migrations"."id", "django_migrations"."app", "django_migrations"."name", "django_migrations"."applied" FROM "django_migrations"; args=()
DEBUG 2021-05-11 23:13:58,369 utils (0.000) 
            SELECT name, type FROM sqlite_master
            WHERE type in ('table', 'view') AND NOT name='sqlite_sequence'
            ORDER BY name; args=None
DEBUG 2021-05-11 23:13:58,378 utils (0.015) SELECT "django_migrations"."id", "django_migrations"."app", "django_migrations"."name", "django_migrations"."applied" FROM "django_migrations"; args=()
DEBUG 2021-05-11 23:14:17,106 utils (0.000) 
            SELECT name, type FROM sqlite_master
            WHERE type in ('table', 'view') AND NOT name='sqlite_sequence'
            ORDER BY name; args=None
DEBUG 2021-05-11 23:14:17,106 utils (0.000) SELECT "django_migrations"."id", "django_migrations"."app", "django_migrations"."name", "django_migrations"."applied" FROM "django_migrations"; args=()
DEBUG 2021-05-11 23:15:05,415 utils (0.000) 
            SELECT name, type FROM sqlite_master
            WHERE type in ('table', 'view') AND NOT name='sqlite_sequence'
            ORDER BY name; args=None
DEBUG 2021-05-11 23:15:05,425 utils (0.000) SELECT "django_migrations"."id", "django_migrations"."app", "django_migrations"."name", "django_migrations"."applied" FROM "django_migrations"; args=()
DEBUG 2021-05-11 23:15:35,982 utils (0.000) 
            SELECT name, type FROM sqlite_master
            WHERE type in ('table', 'view') AND NOT name='sqlite_sequence'
            ORDER BY name; args=None
DEBUG 2021-05-11 23:15:35,988 utils (0.000) SELECT "django_migrations"."id", "django_migrations"."app", "django_migrations"."name", "django_migrations"."applied" FROM "django_migrations"; args=()
DEBUG 2021-05-11 23:33:15,602 utils (0.000) 
            SELECT name, type FROM sqlite_master
            WHERE type in ('table', 'view') AND NOT name='sqlite_sequence'
            ORDER BY name; args=None
DEBUG 2021-05-11 23:33:15,607 utils (0.000) SELECT "django_migrations"."id", "django_migrations"."app", "django_migrations"."name", "django_migrations"."applied" FROM "django_migrations"; args=()
DEBUG 2021-05-11 23:33:39,939 utils (0.000) SELECT "cities_city"."id", "cities_city"."name" FROM "cities_city" ORDER BY "cities_city"."name" ASC; args=()
DEBUG 2021-05-11 23:33:39,960 utils (0.000) SELECT "cities_city"."id", "cities_city"."name" FROM "cities_city" ORDER BY "cities_city"."name" ASC; args=()
DEBUG 2021-05-11 23:33:39,972 utils (0.000) SELECT "cities_city"."id", "cities_city"."name" FROM "cities_city" ORDER BY "cities_city"."name" ASC; args=()
DEBUG 2021-05-11 23:34:37,936 utils (0.000) SELECT "cities_city"."id", "cities_city"."name" FROM "cities_city" ORDER BY "cities_city"."name" ASC; args=()
DEBUG 2021-05-11 23:34:37,947 utils (0.000) SELECT "cities_city"."id", "cities_city"."name" FROM "cities_city" ORDER BY "cities_city"."name" ASC; args=()
DEBUG 2021-05-11 23:34:37,958 utils (0.000) SELECT "cities_city"."id", "cities_city"."name" FROM "cities_city" ORDER BY "cities_city"."name" ASC; args=()
DEBUG 2021-05-11 23:34:51,237 utils (0.016) SELECT "cities_city"."id", "cities_city"."name" FROM "cities_city" WHERE "cities_city"."id" = 1 LIMIT 21; args=(1,)
DEBUG 2021-05-11 23:34:51,240 utils (0.000) SELECT "cities_city"."id", "cities_city"."name" FROM "cities_city" WHERE "cities_city"."id" = 16 LIMIT 21; args=(16,)
DEBUG 2021-05-11 23:34:51,244 utils (0.000) SELECT "trains_train"."id", "trains_train"."name", "trains_train"."travel_time", "trains_train"."from_city_id", "trains_train"."to_city_id", "cities_city"."id", "cities_city"."name", T3."id", T3."name" FROM "trains_train" INNER JOIN "cities_city" ON ("trains_train"."from_city_id" = "cities_city"."id") INNER JOIN "cities_city" T3 ON ("trains_train"."to_city_id" = T3."id") ORDER BY "trains_train"."travel_time" ASC; args=()
DEBUG 2021-05-11 23:34:51,313 utils (0.000) SELECT "cities_city"."id", "cities_city"."name" FROM "cities_city" ORDER BY "cities_city"."name" ASC; args=()
DEBUG 2021-05-11 23:34:51,325 utils (0.000) SELECT "cities_city"."id", "cities_city"."name" FROM "cities_city" ORDER BY "cities_city"."name" ASC; args=()
DEBUG 2021-05-11 23:34:51,337 utils (0.000) SELECT "cities_city"."id", "cities_city"."name" FROM "cities_city" ORDER BY "cities_city"."name" ASC; args=()
DEBUG 2021-05-11 23:40:22,610 utils (0.000) SELECT "cities_city"."id", "cities_city"."name" FROM "cities_city" WHERE "cities_city"."id" = 1 LIMIT 21; args=(1,)
DEBUG 2021-05-11 23:40:22,612 utils (0.000) SELECT "cities_city"."id", "cities_city"."name" FROM "cities_city" WHERE "cities_city"."id" = 16 LIMIT 21; args=(16,)
DEBUG 2021-05-11 23:40:22,614 utils (0.000) SELECT "trains_train"."id", "trains_train"."name", "trains_train"."travel_time", "trains_train"."from_city_id", "trains_train"."to_city_id", "cities_city"."id", "cities_city"."name", T3."id", T3."name" FROM "trains_train" INNER JOIN "cities_city" ON ("trains_train"."from_city_id" = "cities_city"."id") INNER JOIN "cities_city" T3 ON ("trains_train"."to_city_id" = T3."id") ORDER BY "trains_train"."travel_time" ASC; args=()
DEBUG 2021-05-11 23:40:22,631 utils (0.000) SELECT "cities_city"."id", "cities_city"."name" FROM "cities_city" ORDER BY "cities_city"."name" ASC; args=()
DEBUG 2021-05-11 23:40:22,645 utils (0.000) SELECT "cities_city"."id", "cities_city"."name" FROM "cities_city" ORDER BY "cities_city"."name" ASC; args=()
DEBUG 2021-05-11 23:40:22,949 utils (0.000) SELECT "cities_city"."id", "cities_city"."name" FROM "cities_city" ORDER BY "cities_city"."name" ASC; args=()
DEBUG 2021-05-11 23:41:22,028 utils (0.000) SELECT COUNT(*) AS "__count" FROM "cities_city"; args=()
DEBUG 2021-05-11 23:41:22,337 utils (0.000) SELECT "cities_city"."id", "cities_city"."name" FROM "cities_city" ORDER BY "cities_city"."name" ASC LIMIT 2; args=()
DEBUG 2021-05-11 23:41:24,634 utils (0.281) SELECT COUNT(*) AS "__count" FROM "trains_train"; args=()
DEBUG 2021-05-11 23:41:24,655 utils (0.000) SELECT "trains_train"."id", "trains_train"."name", "trains_train"."travel_time", "trains_train"."from_city_id", "trains_train"."to_city_id" FROM "trains_train" ORDER BY "trains_train"."travel_time" ASC LIMIT 3; args=()
DEBUG 2021-05-11 23:41:24,658 utils (0.000) SELECT "cities_city"."id", "cities_city"."name" FROM "cities_city" WHERE "cities_city"."id" = 1 LIMIT 21; args=(1,)
DEBUG 2021-05-11 23:41:24,661 utils (0.000) SELECT "cities_city"."id", "cities_city"."name" FROM "cities_city" WHERE "cities_city"."id" = 16 LIMIT 21; args=(16,)
DEBUG 2021-05-11 23:41:24,664 utils (0.000) SELECT "cities_city"."id", "cities_city"."name" FROM "cities_city" WHERE "cities_city"."id" = 1 LIMIT 21; args=(1,)
DEBUG 2021-05-11 23:41:24,666 utils (0.000) SELECT "cities_city"."id", "cities_city"."name" FROM "cities_city" WHERE "cities_city"."id" = 16 LIMIT 21; args=(16,)
DEBUG 2021-05-11 23:41:24,668 utils (0.000) SELECT "cities_city"."id", "cities_city"."name" FROM "cities_city" WHERE "cities_city"."id" = 1 LIMIT 21; args=(1,)
DEBUG 2021-05-11 23:41:24,670 utils (0.000) SELECT "cities_city"."id", "cities_city"."name" FROM "cities_city" WHERE "cities_city"."id" = 5 LIMIT 21; args=(5,)
DEBUG 2021-05-11 23:41:27,840 utils (0.000) SELECT "cities_city"."id", "cities_city"."name" FROM "cities_city" ORDER BY "cities_city"."name" ASC; args=()
DEBUG 2021-05-11 23:41:27,852 utils (0.000) SELECT "cities_city"."id", "cities_city"."name" FROM "cities_city" ORDER BY "cities_city"."name" ASC; args=()
DEBUG 2021-05-11 23:41:27,862 utils (0.000) SELECT "cities_city"."id", "cities_city"."name" FROM "cities_city" ORDER BY "cities_city"."name" ASC; args=()
DEBUG 2021-05-11 23:41:39,689 utils (0.000) SELECT "cities_city"."id", "cities_city"."name" FROM "cities_city" WHERE "cities_city"."id" = 1 LIMIT 21; args=(1,)
DEBUG 2021-05-11 23:41:39,691 utils (0.000) SELECT "cities_city"."id", "cities_city"."name" FROM "cities_city" WHERE "cities_city"."id" = 5 LIMIT 21; args=(5,)
DEBUG 2021-05-11 23:41:39,694 utils (0.000) SELECT "trains_train"."id", "trains_train"."name", "trains_train"."travel_time", "trains_train"."from_city_id", "trains_train"."to_city_id", "cities_city"."id", "cities_city"."name", T3."id", T3."name" FROM "trains_train" INNER JOIN "cities_city" ON ("trains_train"."from_city_id" = "cities_city"."id") INNER JOIN "cities_city" T3 ON ("trains_train"."to_city_id" = T3."id") ORDER BY "trains_train"."travel_time" ASC; args=()
DEBUG 2021-05-11 23:41:39,708 utils (0.000) SELECT "cities_city"."id", "cities_city"."name" FROM "cities_city" ORDER BY "cities_city"."name" ASC; args=()
DEBUG 2021-05-11 23:41:39,720 utils (0.016) SELECT "cities_city"."id", "cities_city"."name" FROM "cities_city" ORDER BY "cities_city"."name" ASC; args=()
DEBUG 2021-05-11 23:41:39,732 utils (0.000) SELECT "cities_city"."id", "cities_city"."name" FROM "cities_city" ORDER BY "cities_city"."name" ASC; args=()
DEBUG 2021-05-11 23:44:33,876 utils (0.000) 
            SELECT name, type FROM sqlite_master
            WHERE type in ('table', 'view') AND NOT name='sqlite_sequence'
            ORDER BY name; args=None
DEBUG 2021-05-11 23:44:33,892 utils (0.000) SELECT "django_migrations"."id", "django_migrations"."app", "django_migrations"."name", "django_migrations"."applied" FROM "django_migrations"; args=()
DEBUG 2021-05-11 23:45:02,177 utils (0.000) 
            SELECT name, type FROM sqlite_master
            WHERE type in ('table', 'view') AND NOT name='sqlite_sequence'
            ORDER BY name; args=None
DEBUG 2021-05-11 23:45:02,177 utils (0.000) SELECT "django_migrations"."id", "django_migrations"."app", "django_migrations"."name", "django_migrations"."applied" FROM "django_migrations"; args=()
DEBUG 2021-05-11 23:45:22,872 utils (0.000) 
            SELECT name, type FROM sqlite_master
            WHERE type in ('table', 'view') AND NOT name='sqlite_sequence'
            ORDER BY name; args=None
DEBUG 2021-05-11 23:45:22,888 utils (0.000) SELECT "django_migrations"."id", "django_migrations"."app", "django_migrations"."name", "django_migrations"."applied" FROM "django_migrations"; args=()
DEBUG 2021-05-11 23:46:08,661 utils (0.000) 
            SELECT name, type FROM sqlite_master
            WHERE type in ('table', 'view') AND NOT name='sqlite_sequence'
            ORDER BY name; args=None
DEBUG 2021-05-11 23:46:08,670 utils (0.000) SELECT "django_migrations"."id", "django_migrations"."app", "django_migrations"."name", "django_migrations"."applied" FROM "django_migrations"; args=()
DEBUG 2021-05-11 23:47:46,890 utils (0.000) 
            SELECT name, type FROM sqlite_master
            WHERE type in ('table', 'view') AND NOT name='sqlite_sequence'
            ORDER BY name; args=None
DEBUG 2021-05-11 23:47:46,890 utils (0.000) SELECT "django_migrations"."id", "django_migrations"."app", "django_migrations"."name", "django_migrations"."applied" FROM "django_migrations"; args=()
DEBUG 2021-05-11 23:49:16,087 utils (0.000) 
            SELECT name, type FROM sqlite_master
            WHERE type in ('table', 'view') AND NOT name='sqlite_sequence'
            ORDER BY name; args=None
DEBUG 2021-05-11 23:49:16,087 utils (0.000) SELECT "django_migrations"."id", "django_migrations"."app", "django_migrations"."name", "django_migrations"."applied" FROM "django_migrations"; args=()
DEBUG 2021-05-11 23:51:02,591 utils (0.000) 
            SELECT name, type FROM sqlite_master
            WHERE type in ('table', 'view') AND NOT name='sqlite_sequence'
            ORDER BY name; args=None
DEBUG 2021-05-11 23:51:02,606 utils (0.016) SELECT "django_migrations"."id", "django_migrations"."app", "django_migrations"."name", "django_migrations"."applied" FROM "django_migrations"; args=()
DEBUG 2021-05-11 23:51:17,414 utils (0.016) 
            SELECT name, type FROM sqlite_master
            WHERE type in ('table', 'view') AND NOT name='sqlite_sequence'
            ORDER BY name; args=None
DEBUG 2021-05-11 23:51:17,414 utils (0.000) SELECT "django_migrations"."id", "django_migrations"."app", "django_migrations"."name", "django_migrations"."applied" FROM "django_migrations"; args=()
DEBUG 2021-05-11 23:51:38,307 utils (0.000) 
            SELECT name, type FROM sqlite_master
            WHERE type in ('table', 'view') AND NOT name='sqlite_sequence'
            ORDER BY name; args=None
DEBUG 2021-05-11 23:51:38,317 utils (0.000) SELECT "django_migrations"."id", "django_migrations"."app", "django_migrations"."name", "django_migrations"."applied" FROM "django_migrations"; args=()
DEBUG 2021-05-11 23:52:56,351 utils (0.000) 
            SELECT name, type FROM sqlite_master
            WHERE type in ('table', 'view') AND NOT name='sqlite_sequence'
            ORDER BY name; args=None
DEBUG 2021-05-11 23:52:56,366 utils (0.016) SELECT "django_migrations"."id", "django_migrations"."app", "django_migrations"."name", "django_migrations"."applied" FROM "django_migrations"; args=()
DEBUG 2021-05-11 23:53:47,793 utils (0.016) 
            SELECT name, type FROM sqlite_master
            WHERE type in ('table', 'view') AND NOT name='sqlite_sequence'
            ORDER BY name; args=None
DEBUG 2021-05-11 23:53:47,793 utils (0.000) SELECT "django_migrations"."id", "django_migrations"."app", "django_migrations"."name", "django_migrations"."applied" FROM "django_migrations"; args=()
DEBUG 2021-05-11 23:54:46,690 utils (0.000) 
            SELECT name, type FROM sqlite_master
            WHERE type in ('table', 'view') AND NOT name='sqlite_sequence'
            ORDER BY name; args=None
DEBUG 2021-05-11 23:54:46,705 utils (0.000) SELECT "django_migrations"."id", "django_migrations"."app", "django_migrations"."name", "django_migrations"."applied" FROM "django_migrations"; args=()
DEBUG 2021-05-11 23:56:21,837 utils (0.000) 
            SELECT name, type FROM sqlite_master
            WHERE type in ('table', 'view') AND NOT name='sqlite_sequence'
            ORDER BY name; args=None
DEBUG 2021-05-11 23:56:21,837 utils (0.000) SELECT "django_migrations"."id", "django_migrations"."app", "django_migrations"."name", "django_migrations"."applied" FROM "django_migrations"; args=()
DEBUG 2021-05-11 23:58:04,629 utils (0.000) 
            SELECT name, type FROM sqlite_master
            WHERE type in ('table', 'view') AND NOT name='sqlite_sequence'
            ORDER BY name; args=None
DEBUG 2021-05-11 23:58:04,638 utils (0.000) SELECT "django_migrations"."id", "django_migrations"."app", "django_migrations"."name", "django_migrations"."applied" FROM "django_migrations"; args=()
DEBUG 2021-05-12 00:00:41,986 utils (0.000) 
            SELECT name, type FROM sqlite_master
            WHERE type in ('table', 'view') AND NOT name='sqlite_sequence'
            ORDER BY name; args=None
DEBUG 2021-05-12 00:00:42,001 utils (0.015) SELECT "django_migrations"."id", "django_migrations"."app", "django_migrations"."name", "django_migrations"."applied" FROM "django_migrations"; args=()
DEBUG 2021-05-12 00:01:20,087 utils (0.000) 
            SELECT name, type FROM sqlite_master
            WHERE type in ('table', 'view') AND NOT name='sqlite_sequence'
            ORDER BY name; args=None
DEBUG 2021-05-12 00:01:20,103 utils (0.000) SELECT "django_migrations"."id", "django_migrations"."app", "django_migrations"."name", "django_migrations"."applied" FROM "django_migrations"; args=()
DEBUG 2021-05-12 20:55:31,742 utils (0.000) 
            SELECT name, type FROM sqlite_master
            WHERE type in ('table', 'view') AND NOT name='sqlite_sequence'
            ORDER BY name; args=None
DEBUG 2021-05-12 20:55:31,789 utils (0.000) SELECT "django_migrations"."id", "django_migrations"."app", "django_migrations"."name", "django_migrations"."applied" FROM "django_migrations"; args=()
WARNING 2021-05-12 20:55:37,564 log Not Found: /favicon.ico
DEBUG 2021-05-12 20:55:38,768 utils (0.016) SELECT "cities_city"."id", "cities_city"."name" FROM "cities_city" ORDER BY "cities_city"."name" ASC; args=()
DEBUG 2021-05-12 20:55:38,801 utils (0.000) SELECT "cities_city"."id", "cities_city"."name" FROM "cities_city" ORDER BY "cities_city"."name" ASC; args=()
DEBUG 2021-05-12 20:55:38,813 utils (0.000) SELECT "cities_city"."id", "cities_city"."name" FROM "cities_city" ORDER BY "cities_city"."name" ASC; args=()
DEBUG 2021-05-12 20:55:49,333 utils (0.000) SELECT "cities_city"."id", "cities_city"."name" FROM "cities_city" WHERE "cities_city"."id" = 8 LIMIT 21; args=(8,)
DEBUG 2021-05-12 20:55:49,335 utils (0.000) SELECT "cities_city"."id", "cities_city"."name" FROM "cities_city" WHERE "cities_city"."id" = 1 LIMIT 21; args=(1,)
DEBUG 2021-05-12 20:55:49,624 utils (0.282) SELECT "trains_train"."id", "trains_train"."name", "trains_train"."travel_time", "trains_train"."from_city_id", "trains_train"."to_city_id", "cities_city"."id", "cities_city"."name", T3."id", T3."name" FROM "trains_train" INNER JOIN "cities_city" ON ("trains_train"."from_city_id" = "cities_city"."id") INNER JOIN "cities_city" T3 ON ("trains_train"."to_city_id" = T3."id") ORDER BY "trains_train"."travel_time" ASC; args=()
DEBUG 2021-05-12 20:55:49,663 utils (0.000) SELECT "cities_city"."id", "cities_city"."name" FROM "cities_city" ORDER BY "cities_city"."name" ASC; args=()
DEBUG 2021-05-12 20:55:49,676 utils (0.000) SELECT "cities_city"."id", "cities_city"."name" FROM "cities_city" ORDER BY "cities_city"."name" ASC; args=()
DEBUG 2021-05-12 20:55:49,687 utils (0.000) SELECT "cities_city"."id", "cities_city"."name" FROM "cities_city" ORDER BY "cities_city"."name" ASC; args=()
DEBUG 2021-05-12 20:55:56,569 utils (0.000) SELECT "cities_city"."id", "cities_city"."name" FROM "cities_city" WHERE "cities_city"."id" = 16 LIMIT 21; args=(16,)
DEBUG 2021-05-12 20:55:56,571 utils (0.000) SELECT "cities_city"."id", "cities_city"."name" FROM "cities_city" WHERE "cities_city"."id" = 1 LIMIT 21; args=(1,)
DEBUG 2021-05-12 20:55:56,574 utils (0.000) SELECT "trains_train"."id", "trains_train"."name", "trains_train"."travel_time", "trains_train"."from_city_id", "trains_train"."to_city_id", "cities_city"."id", "cities_city"."name", T3."id", T3."name" FROM "trains_train" INNER JOIN "cities_city" ON ("trains_train"."from_city_id" = "cities_city"."id") INNER JOIN "cities_city" T3 ON ("trains_train"."to_city_id" = T3."id") ORDER BY "trains_train"."travel_time" ASC; args=()
DEBUG 2021-05-12 20:55:56,589 utils (0.000) SELECT "cities_city"."id", "cities_city"."name" FROM "cities_city" ORDER BY "cities_city"."name" ASC; args=()
DEBUG 2021-05-12 20:55:56,602 utils (0.000) SELECT "cities_city"."id", "cities_city"."name" FROM "cities_city" ORDER BY "cities_city"."name" ASC; args=()
DEBUG 2021-05-12 20:55:56,614 utils (0.000) SELECT "cities_city"."id", "cities_city"."name" FROM "cities_city" ORDER BY "cities_city"."name" ASC; args=()
DEBUG 2021-05-12 20:56:37,425 utils (0.297) SELECT "auth_user"."id", "auth_user"."password", "auth_user"."last_login", "auth_user"."is_superuser", "auth_user"."username", "auth_user"."first_name", "auth_user"."last_name", "auth_user"."email", "auth_user"."is_staff", "auth_user"."is_active", "auth_user"."date_joined" FROM "auth_user" WHERE "auth_user"."username" = 'admin' LIMIT 21; args=('admin',)
DEBUG 2021-05-12 20:56:37,998 utils (0.000) SELECT (1) AS "a" FROM "django_session" WHERE "django_session"."session_key" = 'g0g5l11b3o9m1fzffd4rmvc8qxwjgpl5' LIMIT 1; args=('g0g5l11b3o9m1fzffd4rmvc8qxwjgpl5',)
DEBUG 2021-05-12 20:56:38,000 utils (0.000) BEGIN; args=None
DEBUG 2021-05-12 20:56:38,005 utils (0.015) INSERT INTO "django_session" ("session_key", "session_data", "expire_date") SELECT 'g0g5l11b3o9m1fzffd4rmvc8qxwjgpl5', 'e30:1lgt65:qh2MZqBbBINWOW-QSfVFQwTRCakVmbZkKoM78iKcNgk', '2021-05-26 17:56:37.999886'; args=('g0g5l11b3o9m1fzffd4rmvc8qxwjgpl5', 'e30:1lgt65:qh2MZqBbBINWOW-QSfVFQwTRCakVmbZkKoM78iKcNgk', '2021-05-26 17:56:37.999886')
DEBUG 2021-05-12 20:56:38,390 utils (0.172) UPDATE "auth_user" SET "last_login" = '2021-05-12 17:56:38.213887' WHERE "auth_user"."id" = 1; args=('2021-05-12 17:56:38.213887', 1)
DEBUG 2021-05-12 20:56:38,393 utils (0.000) BEGIN; args=None
DEBUG 2021-05-12 20:56:38,396 utils (0.000) UPDATE "django_session" SET "session_data" = '.eJxVjEEOgjAQRe_StWmYMoXWpXvP0Mx0poIaSCisjHdXEha6_e-9_zKJtnVIW9UljWLOBszpd2PKD512IHeabrPN87QuI9tdsQet9jqLPi-H-3cwUB2-tUMvsfFOAUrschF1goQSQg8albkh9IGxhb7r2EMBaIMiZo7coyvm_QHcJDem:1lgt66:QxEnXun9OVqXF4gQLmkxYDQMtf90oK24ce2EMqFd0-g', "expire_date" = '2021-05-26 17:56:38.392886' WHERE "django_session"."session_key" = 'g0g5l11b3o9m1fzffd4rmvc8qxwjgpl5'; args=('.eJxVjEEOgjAQRe_StWmYMoXWpXvP0Mx0poIaSCisjHdXEha6_e-9_zKJtnVIW9UljWLOBszpd2PKD512IHeabrPN87QuI9tdsQet9jqLPi-H-3cwUB2-tUMvsfFOAUrschF1goQSQg8albkh9IGxhb7r2EMBaIMiZo7coyvm_QHcJDem:1lgt66:QxEnXun9OVqXF4gQLmkxYDQMtf90oK24ce2EMqFd0-g', '2021-05-26 17:56:38.392886', 'g0g5l11b3o9m1fzffd4rmvc8qxwjgpl5')
DEBUG 2021-05-12 20:56:38,639 utils (0.000) SELECT "django_session"."session_key", "django_session"."session_data", "django_session"."expire_date" FROM "django_session" WHERE ("django_session"."expire_date" > '2021-05-12 17:56:38.634890' AND "django_session"."session_key" = 'g0g5l11b3o9m1fzffd4rmvc8qxwjgpl5') LIMIT 21; args=('2021-05-12 17:56:38.634890', 'g0g5l11b3o9m1fzffd4rmvc8qxwjgpl5')
DEBUG 2021-05-12 20:56:38,644 utils (0.000) SELECT "auth_user"."id", "auth_user"."password", "auth_user"."last_login", "auth_user"."is_superuser", "auth_user"."username", "auth_user"."first_name", "auth_user"."last_name", "auth_user"."email", "auth_user"."is_staff", "auth_user"."is_active", "auth_user"."date_joined" FROM "auth_user" WHERE "auth_user"."id" = 1 LIMIT 21; args=(1,)
DEBUG 2021-05-12 20:56:38,725 utils (0.016) SELECT "django_admin_log"."id", "django_admin_log"."action_time", "django_admin_log"."user_id", "django_admin_log"."content_type_id", "django_admin_log"."object_id", "django_admin_log"."object_repr", "django_admin_log"."action_flag", "django_admin_log"."change_message", "auth_user"."id", "auth_user"."password", "auth_user"."last_login", "auth_user"."is_superuser", "auth_user"."username", "auth_user"."first_name", "auth_user"."last_name", "auth_user"."email", "auth_user"."is_staff", "auth_user"."is_active", "auth_user"."date_joined", "django_content_type"."id", "django_content_type"."app_label", "django_content_type"."model" FROM "django_admin_log" INNER JOIN "auth_user" ON ("django_admin_log"."user_id" = "auth_user"."id") LEFT OUTER JOIN "django_content_type" ON ("django_admin_log"."content_type_id" = "django_content_type"."id") WHERE "django_admin_log"."user_id" = 1 ORDER BY "django_admin_log"."action_time" DESC LIMIT 10; args=(1,)
DEBUG 2021-05-12 20:56:43,413 utils (0.000) SELECT "django_session"."session_key", "django_session"."session_data", "django_session"."expire_date" FROM "django_session" WHERE ("django_session"."expire_date" > '2021-05-12 17:56:43.409799' AND "django_session"."session_key" = 'g0g5l11b3o9m1fzffd4rmvc8qxwjgpl5') LIMIT 21; args=('2021-05-12 17:56:43.409799', 'g0g5l11b3o9m1fzffd4rmvc8qxwjgpl5')
DEBUG 2021-05-12 20:56:43,416 utils (0.000) SELECT "auth_user"."id", "auth_user"."password", "auth_user"."last_login", "auth_user"."is_superuser", "auth_user"."username", "auth_user"."first_name", "auth_user"."last_name", "auth_user"."email", "auth_user"."is_staff", "auth_user"."is_active", "auth_user"."date_joined" FROM "auth_user" WHERE "auth_user"."id" = 1 LIMIT 21; args=(1,)
DEBUG 2021-05-12 20:56:43,447 utils (0.031) SELECT COUNT(*) AS "__count" FROM "routes_route"; args=()
DEBUG 2021-05-12 20:56:43,448 utils (0.000) SELECT COUNT(*) AS "__count" FROM "routes_route"; args=()
DEBUG 2021-05-12 20:56:43,457 utils (0.015) SELECT "routes_route"."id", "routes_route"."name", "routes_route"."travel_times", "routes_route"."from_city_id", "routes_route"."to_city_id" FROM "routes_route" ORDER BY "routes_route"."travel_times" ASC, "routes_route"."id" DESC; args=()
DEBUG 2021-05-12 20:56:43,569 utils (0.000) SELECT "cities_city"."id", "cities_city"."name" FROM "cities_city" WHERE "cities_city"."id" = 1 LIMIT 21; args=(1,)
DEBUG 2021-05-12 20:56:43,644 utils (0.000) SELECT "django_session"."session_key", "django_session"."session_data", "django_session"."expire_date" FROM "django_session" WHERE ("django_session"."expire_date" > '2021-05-12 17:56:43.638803' AND "django_session"."session_key" = 'g0g5l11b3o9m1fzffd4rmvc8qxwjgpl5') LIMIT 21; args=('2021-05-12 17:56:43.638803', 'g0g5l11b3o9m1fzffd4rmvc8qxwjgpl5')
DEBUG 2021-05-12 20:56:43,647 utils (0.000) SELECT "auth_user"."id", "auth_user"."password", "auth_user"."last_login", "auth_user"."is_superuser", "auth_user"."username", "auth_user"."first_name", "auth_user"."last_name", "auth_user"."email", "auth_user"."is_staff", "auth_user"."is_active", "auth_user"."date_joined" FROM "auth_user" WHERE "auth_user"."id" = 1 LIMIT 21; args=(1,)
DEBUG 2021-05-12 20:56:49,465 utils (0.000) SELECT "django_session"."session_key", "django_session"."session_data", "django_session"."expire_date" FROM "django_session" WHERE ("django_session"."expire_date" > '2021-05-12 17:56:49.460500' AND "django_session"."session_key" = 'g0g5l11b3o9m1fzffd4rmvc8qxwjgpl5') LIMIT 21; args=('2021-05-12 17:56:49.460500', 'g0g5l11b3o9m1fzffd4rmvc8qxwjgpl5')
DEBUG 2021-05-12 20:56:49,468 utils (0.000) SELECT "auth_user"."id", "auth_user"."password", "auth_user"."last_login", "auth_user"."is_superuser", "auth_user"."username", "auth_user"."first_name", "auth_user"."last_name", "auth_user"."email", "auth_user"."is_staff", "auth_user"."is_active", "auth_user"."date_joined" FROM "auth_user" WHERE "auth_user"."id" = 1 LIMIT 21; args=(1,)
DEBUG 2021-05-12 20:56:49,469 utils (0.000) BEGIN; args=None
DEBUG 2021-05-12 20:56:49,473 utils (0.000) SELECT "routes_route"."id", "routes_route"."name", "routes_route"."travel_times", "routes_route"."from_city_id", "routes_route"."to_city_id" FROM "routes_route" WHERE "routes_route"."id" = 1 LIMIT 21; args=(1,)
DEBUG 2021-05-12 20:56:49,514 utils (0.031) SELECT "trains_train"."id", "trains_train"."name", "trains_train"."travel_time", "trains_train"."from_city_id", "trains_train"."to_city_id" FROM "trains_train" INNER JOIN "routes_route_trains" ON ("trains_train"."id" = "routes_route_trains"."train_id") WHERE "routes_route_trains"."route_id" = 1 ORDER BY "trains_train"."travel_time" ASC; args=(1,)
DEBUG 2021-05-12 20:56:49,521 utils (0.000) SELECT "cities_city"."id", "cities_city"."name" FROM "cities_city" WHERE "cities_city"."id" = 1 LIMIT 21; args=(1,)
DEBUG 2021-05-12 20:56:49,535 utils (0.016) SELECT "django_content_type"."id", "django_content_type"."app_label", "django_content_type"."model" FROM "django_content_type" WHERE ("django_content_type"."app_label" = 'routes' AND "django_content_type"."model" = 'route') LIMIT 21; args=('routes', 'route')
DEBUG 2021-05-12 20:56:49,620 utils (0.000) SELECT "cities_city"."id", "cities_city"."name" FROM "cities_city" ORDER BY "cities_city"."name" ASC; args=()
DEBUG 2021-05-12 20:56:49,639 utils (0.000) SELECT "cities_city"."id", "cities_city"."name" FROM "cities_city" ORDER BY "cities_city"."name" ASC; args=()
DEBUG 2021-05-12 20:56:49,656 utils (0.000) SELECT "trains_train"."id", "trains_train"."name", "trains_train"."travel_time", "trains_train"."from_city_id", "trains_train"."to_city_id" FROM "trains_train" ORDER BY "trains_train"."travel_time" ASC; args=()
DEBUG 2021-05-12 20:56:49,658 utils (0.000) SELECT "cities_city"."id", "cities_city"."name" FROM "cities_city" WHERE "cities_city"."id" = 1 LIMIT 21; args=(1,)
DEBUG 2021-05-12 20:56:49,661 utils (0.000) SELECT "cities_city"."id", "cities_city"."name" FROM "cities_city" WHERE "cities_city"."id" = 1 LIMIT 21; args=(1,)
DEBUG 2021-05-12 20:56:49,663 utils (0.000) SELECT "cities_city"."id", "cities_city"."name" FROM "cities_city" WHERE "cities_city"."id" = 1 LIMIT 21; args=(1,)
DEBUG 2021-05-12 20:56:49,786 utils (0.000) SELECT "django_session"."session_key", "django_session"."session_data", "django_session"."expire_date" FROM "django_session" WHERE ("django_session"."expire_date" > '2021-05-12 17:56:49.782468' AND "django_session"."session_key" = 'g0g5l11b3o9m1fzffd4rmvc8qxwjgpl5') LIMIT 21; args=('2021-05-12 17:56:49.782468', 'g0g5l11b3o9m1fzffd4rmvc8qxwjgpl5')
DEBUG 2021-05-12 20:56:49,789 utils (0.000) SELECT "auth_user"."id", "auth_user"."password", "auth_user"."last_login", "auth_user"."is_superuser", "auth_user"."username", "auth_user"."first_name", "auth_user"."last_name", "auth_user"."email", "auth_user"."is_staff", "auth_user"."is_active", "auth_user"."date_joined" FROM "auth_user" WHERE "auth_user"."id" = 1 LIMIT 21; args=(1,)
DEBUG 2021-05-12 20:57:38,625 utils (0.000) SELECT "cities_city"."id", "cities_city"."name" FROM "cities_city" ORDER BY "cities_city"."name" ASC; args=()
DEBUG 2021-05-12 20:57:38,638 utils (0.000) SELECT "cities_city"."id", "cities_city"."name" FROM "cities_city" ORDER BY "cities_city"."name" ASC; args=()
DEBUG 2021-05-12 20:57:38,649 utils (0.000) SELECT "cities_city"."id", "cities_city"."name" FROM "cities_city" ORDER BY "cities_city"."name" ASC; args=()
DEBUG 2021-05-12 21:08:35,781 utils (0.000) 
            SELECT name, type FROM sqlite_master
            WHERE type in ('table', 'view') AND NOT name='sqlite_sequence'
            ORDER BY name; args=None
DEBUG 2021-05-12 21:08:35,789 utils (0.000) SELECT "django_migrations"."id", "django_migrations"."app", "django_migrations"."name", "django_migrations"."applied" FROM "django_migrations"; args=()
DEBUG 2021-05-12 21:09:59,679 utils (0.000) 
            SELECT name, type FROM sqlite_master
            WHERE type in ('table', 'view') AND NOT name='sqlite_sequence'
            ORDER BY name; args=None
DEBUG 2021-05-12 21:09:59,687 utils (0.000) SELECT "django_migrations"."id", "django_migrations"."app", "django_migrations"."name", "django_migrations"."applied" FROM "django_migrations"; args=()
DEBUG 2021-05-12 21:10:15,078 utils (0.000) SELECT "cities_city"."id", "cities_city"."name" FROM "cities_city" ORDER BY "cities_city"."name" ASC; args=()
DEBUG 2021-05-12 21:10:15,091 utils (0.000) SELECT "cities_city"."id", "cities_city"."name" FROM "cities_city" ORDER BY "cities_city"."name" ASC; args=()
DEBUG 2021-05-12 21:10:15,103 utils (0.000) SELECT "cities_city"."id", "cities_city"."name" FROM "cities_city" ORDER BY "cities_city"."name" ASC; args=()
DEBUG 2021-05-12 21:11:09,042 utils (0.000) SELECT "cities_city"."id", "cities_city"."name" FROM "cities_city" ORDER BY "cities_city"."name" ASC; args=()
DEBUG 2021-05-12 21:11:09,051 utils (0.000) SELECT "cities_city"."id", "cities_city"."name" FROM "cities_city" ORDER BY "cities_city"."name" ASC; args=()
DEBUG 2021-05-12 21:11:09,060 utils (0.000) SELECT "cities_city"."id", "cities_city"."name" FROM "cities_city" ORDER BY "cities_city"."name" ASC; args=()
DEBUG 2021-05-12 21:11:56,530 utils (0.000) 
            SELECT name, type FROM sqlite_master
            WHERE type in ('table', 'view') AND NOT name='sqlite_sequence'
            ORDER BY name; args=None
DEBUG 2021-05-12 21:11:56,538 utils (0.000) SELECT "django_migrations"."id", "django_migrations"."app", "django_migrations"."name", "django_migrations"."applied" FROM "django_migrations"; args=()
DEBUG 2021-05-12 21:19:39,576 utils (0.000) 
            SELECT name, type FROM sqlite_master
            WHERE type in ('table', 'view') AND NOT name='sqlite_sequence'
            ORDER BY name; args=None
DEBUG 2021-05-12 21:19:39,592 utils (0.015) SELECT "django_migrations"."id", "django_migrations"."app", "django_migrations"."name", "django_migrations"."applied" FROM "django_migrations"; args=()
DEBUG 2021-05-12 21:19:58,198 utils (0.000) SELECT "cities_city"."id", "cities_city"."name" FROM "cities_city" ORDER BY "cities_city"."name" ASC; args=()
DEBUG 2021-05-12 21:19:58,215 utils (0.000) SELECT "cities_city"."id", "cities_city"."name" FROM "cities_city" ORDER BY "cities_city"."name" ASC; args=()
DEBUG 2021-05-12 21:19:58,225 utils (0.000) SELECT "cities_city"."id", "cities_city"."name" FROM "cities_city" ORDER BY "cities_city"."name" ASC; args=()
DEBUG 2021-05-12 21:20:16,365 utils (0.000) SELECT "cities_city"."id", "cities_city"."name" FROM "cities_city" WHERE "cities_city"."id" = 1 LIMIT 21; args=(1,)
DEBUG 2021-05-12 21:20:16,367 utils (0.000) SELECT "cities_city"."id", "cities_city"."name" FROM "cities_city" WHERE "cities_city"."id" = 4 LIMIT 21; args=(4,)
DEBUG 2021-05-12 21:20:16,370 utils (0.000) SELECT "trains_train"."id", "trains_train"."name", "trains_train"."travel_time", "trains_train"."from_city_id", "trains_train"."to_city_id", "cities_city"."id", "cities_city"."name", T3."id", T3."name" FROM "trains_train" INNER JOIN "cities_city" ON ("trains_train"."from_city_id" = "cities_city"."id") INNER JOIN "cities_city" T3 ON ("trains_train"."to_city_id" = T3."id") ORDER BY "trains_train"."travel_time" ASC; args=()
DEBUG 2021-05-12 21:20:16,385 utils (0.000) SELECT "cities_city"."id", "cities_city"."name" FROM "cities_city" ORDER BY "cities_city"."name" ASC; args=()
DEBUG 2021-05-12 21:20:16,396 utils (0.000) SELECT "cities_city"."id", "cities_city"."name" FROM "cities_city" ORDER BY "cities_city"."name" ASC; args=()
DEBUG 2021-05-12 21:20:16,409 utils (0.000) SELECT "cities_city"."id", "cities_city"."name" FROM "cities_city" ORDER BY "cities_city"."name" ASC; args=()
DEBUG 2021-05-12 21:20:47,197 utils (0.000) SELECT "cities_city"."id", "cities_city"."name" FROM "cities_city" ORDER BY "cities_city"."name" ASC; args=()
DEBUG 2021-05-12 21:20:47,207 utils (0.000) SELECT "cities_city"."id", "cities_city"."name" FROM "cities_city" ORDER BY "cities_city"."name" ASC; args=()
DEBUG 2021-05-12 21:20:47,220 utils (0.000) SELECT "cities_city"."id", "cities_city"."name" FROM "cities_city" ORDER BY "cities_city"."name" ASC; args=()
DEBUG 2021-05-12 21:21:01,646 utils (0.000) SELECT "cities_city"."id", "cities_city"."name" FROM "cities_city" WHERE "cities_city"."id" = 1 LIMIT 21; args=(1,)
DEBUG 2021-05-12 21:21:01,648 utils (0.000) SELECT "cities_city"."id", "cities_city"."name" FROM "cities_city" WHERE "cities_city"."id" = 4 LIMIT 21; args=(4,)
DEBUG 2021-05-12 21:21:01,650 utils (0.000) SELECT "trains_train"."id", "trains_train"."name", "trains_train"."travel_time", "trains_train"."from_city_id", "trains_train"."to_city_id", "cities_city"."id", "cities_city"."name", T3."id", T3."name" FROM "trains_train" INNER JOIN "cities_city" ON ("trains_train"."from_city_id" = "cities_city"."id") INNER JOIN "cities_city" T3 ON ("trains_train"."to_city_id" = T3."id") ORDER BY "trains_train"."travel_time" ASC; args=()
DEBUG 2021-05-12 21:21:01,663 utils (0.000) SELECT "cities_city"."id", "cities_city"."name" FROM "cities_city" ORDER BY "cities_city"."name" ASC; args=()
DEBUG 2021-05-12 21:21:01,674 utils (0.000) SELECT "cities_city"."id", "cities_city"."name" FROM "cities_city" ORDER BY "cities_city"."name" ASC; args=()
DEBUG 2021-05-12 21:21:01,685 utils (0.000) SELECT "cities_city"."id", "cities_city"."name" FROM "cities_city" ORDER BY "cities_city"."name" ASC; args=()
DEBUG 2021-05-12 21:21:18,150 utils (0.000) SELECT "cities_city"."id", "cities_city"."name" FROM "cities_city" WHERE "cities_city"."id" = 1 LIMIT 21; args=(1,)
DEBUG 2021-05-12 21:21:18,153 utils (0.000) SELECT "cities_city"."id", "cities_city"."name" FROM "cities_city" WHERE "cities_city"."id" = 4 LIMIT 21; args=(4,)
DEBUG 2021-05-12 21:21:18,155 utils (0.000) SELECT "trains_train"."id", "trains_train"."name", "trains_train"."travel_time", "trains_train"."from_city_id", "trains_train"."to_city_id", "cities_city"."id", "cities_city"."name", T3."id", T3."name" FROM "trains_train" INNER JOIN "cities_city" ON ("trains_train"."from_city_id" = "cities_city"."id") INNER JOIN "cities_city" T3 ON ("trains_train"."to_city_id" = T3."id") ORDER BY "trains_train"."travel_time" ASC; args=()
DEBUG 2021-05-12 21:21:18,170 utils (0.000) SELECT "cities_city"."id", "cities_city"."name" FROM "cities_city" ORDER BY "cities_city"."name" ASC; args=()
DEBUG 2021-05-12 21:21:18,180 utils (0.000) SELECT "cities_city"."id", "cities_city"."name" FROM "cities_city" ORDER BY "cities_city"."name" ASC; args=()
DEBUG 2021-05-12 21:21:18,191 utils (0.000) SELECT "cities_city"."id", "cities_city"."name" FROM "cities_city" ORDER BY "cities_city"."name" ASC; args=()
DEBUG 2021-05-12 21:22:50,852 utils (0.000) 
            SELECT name, type FROM sqlite_master
            WHERE type in ('table', 'view') AND NOT name='sqlite_sequence'
            ORDER BY name; args=None
DEBUG 2021-05-12 21:22:50,861 utils (0.016) SELECT "django_migrations"."id", "django_migrations"."app", "django_migrations"."name", "django_migrations"."applied" FROM "django_migrations"; args=()
DEBUG 2021-05-12 21:22:54,189 utils (0.016) SELECT "cities_city"."id", "cities_city"."name" FROM "cities_city" WHERE "cities_city"."id" = 1 LIMIT 21; args=(1,)
DEBUG 2021-05-12 21:22:54,191 utils (0.000) SELECT "cities_city"."id", "cities_city"."name" FROM "cities_city" WHERE "cities_city"."id" = 4 LIMIT 21; args=(4,)
DEBUG 2021-05-12 21:22:54,196 utils (0.000) SELECT "trains_train"."id", "trains_train"."name", "trains_train"."travel_time", "trains_train"."from_city_id", "trains_train"."to_city_id", "cities_city"."id", "cities_city"."name", T3."id", T3."name" FROM "trains_train" INNER JOIN "cities_city" ON ("trains_train"."from_city_id" = "cities_city"."id") INNER JOIN "cities_city" T3 ON ("trains_train"."to_city_id" = T3."id") ORDER BY "trains_train"."travel_time" ASC; args=()
DEBUG 2021-05-12 21:22:54,233 utils (0.000) SELECT "cities_city"."id", "cities_city"."name" FROM "cities_city" ORDER BY "cities_city"."name" ASC; args=()
DEBUG 2021-05-12 21:22:54,253 utils (0.000) SELECT "cities_city"."id", "cities_city"."name" FROM "cities_city" ORDER BY "cities_city"."name" ASC; args=()
DEBUG 2021-05-12 21:22:54,265 utils (0.000) SELECT "cities_city"."id", "cities_city"."name" FROM "cities_city" ORDER BY "cities_city"."name" ASC; args=()
DEBUG 2021-05-12 21:23:12,821 utils (0.000) SELECT "cities_city"."id", "cities_city"."name" FROM "cities_city" WHERE "cities_city"."id" = 1 LIMIT 21; args=(1,)
DEBUG 2021-05-12 21:23:12,823 utils (0.000) SELECT "cities_city"."id", "cities_city"."name" FROM "cities_city" WHERE "cities_city"."id" = 4 LIMIT 21; args=(4,)
DEBUG 2021-05-12 21:23:12,826 utils (0.000) SELECT "trains_train"."id", "trains_train"."name", "trains_train"."travel_time", "trains_train"."from_city_id", "trains_train"."to_city_id", "cities_city"."id", "cities_city"."name", T3."id", T3."name" FROM "trains_train" INNER JOIN "cities_city" ON ("trains_train"."from_city_id" = "cities_city"."id") INNER JOIN "cities_city" T3 ON ("trains_train"."to_city_id" = T3."id") ORDER BY "trains_train"."travel_time" ASC; args=()
DEBUG 2021-05-12 21:23:12,841 utils (0.000) SELECT "cities_city"."id", "cities_city"."name" FROM "cities_city" ORDER BY "cities_city"."name" ASC; args=()
DEBUG 2021-05-12 21:23:12,852 utils (0.000) SELECT "cities_city"."id", "cities_city"."name" FROM "cities_city" ORDER BY "cities_city"."name" ASC; args=()
DEBUG 2021-05-12 21:23:12,863 utils (0.000) SELECT "cities_city"."id", "cities_city"."name" FROM "cities_city" ORDER BY "cities_city"."name" ASC; args=()
DEBUG 2021-05-12 21:23:16,113 utils (0.000) SELECT "cities_city"."id", "cities_city"."name" FROM "cities_city" WHERE "cities_city"."id" = 1 LIMIT 21; args=(1,)
DEBUG 2021-05-12 21:23:16,115 utils (0.000) SELECT "cities_city"."id", "cities_city"."name" FROM "cities_city" WHERE "cities_city"."id" = 4 LIMIT 21; args=(4,)
DEBUG 2021-05-12 21:23:16,118 utils (0.000) SELECT "trains_train"."id", "trains_train"."name", "trains_train"."travel_time", "trains_train"."from_city_id", "trains_train"."to_city_id", "cities_city"."id", "cities_city"."name", T3."id", T3."name" FROM "trains_train" INNER JOIN "cities_city" ON ("trains_train"."from_city_id" = "cities_city"."id") INNER JOIN "cities_city" T3 ON ("trains_train"."to_city_id" = T3."id") ORDER BY "trains_train"."travel_time" ASC; args=()
DEBUG 2021-05-12 21:23:16,132 utils (0.000) SELECT "cities_city"."id", "cities_city"."name" FROM "cities_city" ORDER BY "cities_city"."name" ASC; args=()
DEBUG 2021-05-12 21:23:16,148 utils (0.000) SELECT "cities_city"."id", "cities_city"."name" FROM "cities_city" ORDER BY "cities_city"."name" ASC; args=()
DEBUG 2021-05-12 21:23:16,160 utils (0.000) SELECT "cities_city"."id", "cities_city"."name" FROM "cities_city" ORDER BY "cities_city"."name" ASC; args=()
DEBUG 2021-05-12 21:23:31,716 utils (0.000) 
            SELECT name, type FROM sqlite_master
            WHERE type in ('table', 'view') AND NOT name='sqlite_sequence'
            ORDER BY name; args=None
DEBUG 2021-05-12 21:23:31,724 utils (0.000) SELECT "django_migrations"."id", "django_migrations"."app", "django_migrations"."name", "django_migrations"."applied" FROM "django_migrations"; args=()
DEBUG 2021-05-12 21:23:32,812 utils (0.000) SELECT "cities_city"."id", "cities_city"."name" FROM "cities_city" WHERE "cities_city"."id" = 1 LIMIT 21; args=(1,)
DEBUG 2021-05-12 21:23:32,814 utils (0.000) SELECT "cities_city"."id", "cities_city"."name" FROM "cities_city" WHERE "cities_city"."id" = 4 LIMIT 21; args=(4,)
DEBUG 2021-05-12 21:23:32,816 utils (0.000) SELECT "trains_train"."id", "trains_train"."name", "trains_train"."travel_time", "trains_train"."from_city_id", "trains_train"."to_city_id", "cities_city"."id", "cities_city"."name", T3."id", T3."name" FROM "trains_train" INNER JOIN "cities_city" ON ("trains_train"."from_city_id" = "cities_city"."id") INNER JOIN "cities_city" T3 ON ("trains_train"."to_city_id" = T3."id") ORDER BY "trains_train"."travel_time" ASC; args=()
DEBUG 2021-05-12 21:23:32,859 utils (0.000) SELECT "cities_city"."id", "cities_city"."name" FROM "cities_city" ORDER BY "cities_city"."name" ASC; args=()
DEBUG 2021-05-12 21:23:32,876 utils (0.000) SELECT "cities_city"."id", "cities_city"."name" FROM "cities_city" ORDER BY "cities_city"."name" ASC; args=()
DEBUG 2021-05-12 21:23:32,887 utils (0.000) SELECT "cities_city"."id", "cities_city"."name" FROM "cities_city" ORDER BY "cities_city"."name" ASC; args=()
DEBUG 2021-05-12 21:23:59,391 utils (0.000) SELECT "cities_city"."id", "cities_city"."name" FROM "cities_city" WHERE "cities_city"."id" = 1 LIMIT 21; args=(1,)
DEBUG 2021-05-12 21:23:59,393 utils (0.000) SELECT "cities_city"."id", "cities_city"."name" FROM "cities_city" WHERE "cities_city"."id" = 4 LIMIT 21; args=(4,)
DEBUG 2021-05-12 21:23:59,396 utils (0.000) SELECT "cities_city"."id", "cities_city"."name" FROM "cities_city" WHERE "cities_city"."id" IN (6) ORDER BY "cities_city"."name" ASC; args=(6,)
DEBUG 2021-05-12 21:23:59,399 utils (0.000) SELECT "trains_train"."id", "trains_train"."name", "trains_train"."travel_time", "trains_train"."from_city_id", "trains_train"."to_city_id", "cities_city"."id", "cities_city"."name", T3."id", T3."name" FROM "trains_train" INNER JOIN "cities_city" ON ("trains_train"."from_city_id" = "cities_city"."id") INNER JOIN "cities_city" T3 ON ("trains_train"."to_city_id" = T3."id") ORDER BY "trains_train"."travel_time" ASC; args=()
DEBUG 2021-05-12 21:23:59,415 utils (0.000) SELECT "cities_city"."id", "cities_city"."name" FROM "cities_city" ORDER BY "cities_city"."name" ASC; args=()
DEBUG 2021-05-12 21:23:59,427 utils (0.000) SELECT "cities_city"."id", "cities_city"."name" FROM "cities_city" ORDER BY "cities_city"."name" ASC; args=()
DEBUG 2021-05-12 21:23:59,441 utils (0.000) SELECT "cities_city"."id", "cities_city"."name" FROM "cities_city" ORDER BY "cities_city"."name" ASC; args=()
DEBUG 2021-05-12 21:24:11,575 utils (0.000) SELECT "cities_city"."id", "cities_city"."name" FROM "cities_city" WHERE "cities_city"."id" = 1 LIMIT 21; args=(1,)
DEBUG 2021-05-12 21:24:11,578 utils (0.000) SELECT "cities_city"."id", "cities_city"."name" FROM "cities_city" WHERE "cities_city"."id" = 4 LIMIT 21; args=(4,)
DEBUG 2021-05-12 21:24:11,580 utils (0.015) SELECT "trains_train"."id", "trains_train"."name", "trains_train"."travel_time", "trains_train"."from_city_id", "trains_train"."to_city_id", "cities_city"."id", "cities_city"."name", T3."id", T3."name" FROM "trains_train" INNER JOIN "cities_city" ON ("trains_train"."from_city_id" = "cities_city"."id") INNER JOIN "cities_city" T3 ON ("trains_train"."to_city_id" = T3."id") ORDER BY "trains_train"."travel_time" ASC; args=()
DEBUG 2021-05-12 21:24:11,595 utils (0.000) SELECT "cities_city"."id", "cities_city"."name" FROM "cities_city" ORDER BY "cities_city"."name" ASC; args=()
DEBUG 2021-05-12 21:24:11,605 utils (0.000) SELECT "cities_city"."id", "cities_city"."name" FROM "cities_city" ORDER BY "cities_city"."name" ASC; args=()
DEBUG 2021-05-12 21:24:11,615 utils (0.000) SELECT "cities_city"."id", "cities_city"."name" FROM "cities_city" ORDER BY "cities_city"."name" ASC; args=()
DEBUG 2021-05-12 21:31:54,321 utils (0.000) SELECT "cities_city"."id", "cities_city"."name" FROM "cities_city" WHERE "cities_city"."id" = 1 LIMIT 21; args=(1,)
DEBUG 2021-05-12 21:31:54,324 utils (0.000) SELECT "cities_city"."id", "cities_city"."name" FROM "cities_city" WHERE "cities_city"."id" = 4 LIMIT 21; args=(4,)
DEBUG 2021-05-12 21:31:54,327 utils (0.000) SELECT "trains_train"."id", "trains_train"."name", "trains_train"."travel_time", "trains_train"."from_city_id", "trains_train"."to_city_id", "cities_city"."id", "cities_city"."name", T3."id", T3."name" FROM "trains_train" INNER JOIN "cities_city" ON ("trains_train"."from_city_id" = "cities_city"."id") INNER JOIN "cities_city" T3 ON ("trains_train"."to_city_id" = T3."id") ORDER BY "trains_train"."travel_time" ASC; args=()
DEBUG 2021-05-12 21:31:54,343 utils (0.000) SELECT "cities_city"."id", "cities_city"."name" FROM "cities_city" ORDER BY "cities_city"."name" ASC; args=()
DEBUG 2021-05-12 21:31:54,362 utils (0.000) SELECT "cities_city"."id", "cities_city"."name" FROM "cities_city" ORDER BY "cities_city"."name" ASC; args=()
DEBUG 2021-05-12 21:31:54,374 utils (0.000) SELECT "cities_city"."id", "cities_city"."name" FROM "cities_city" ORDER BY "cities_city"."name" ASC; args=()
DEBUG 2021-05-12 21:32:00,850 utils (0.000) SELECT "cities_city"."id", "cities_city"."name" FROM "cities_city" WHERE "cities_city"."id" = 1 LIMIT 21; args=(1,)
DEBUG 2021-05-12 21:32:00,852 utils (0.000) SELECT "cities_city"."id", "cities_city"."name" FROM "cities_city" WHERE "cities_city"."id" = 4 LIMIT 21; args=(4,)
DEBUG 2021-05-12 21:32:00,855 utils (0.000) SELECT "trains_train"."id", "trains_train"."name", "trains_train"."travel_time", "trains_train"."from_city_id", "trains_train"."to_city_id", "cities_city"."id", "cities_city"."name", T3."id", T3."name" FROM "trains_train" INNER JOIN "cities_city" ON ("trains_train"."from_city_id" = "cities_city"."id") INNER JOIN "cities_city" T3 ON ("trains_train"."to_city_id" = T3."id") ORDER BY "trains_train"."travel_time" ASC; args=()
DEBUG 2021-05-12 21:32:00,871 utils (0.000) SELECT "cities_city"."id", "cities_city"."name" FROM "cities_city" ORDER BY "cities_city"."name" ASC; args=()
DEBUG 2021-05-12 21:32:00,882 utils (0.000) SELECT "cities_city"."id", "cities_city"."name" FROM "cities_city" ORDER BY "cities_city"."name" ASC; args=()
DEBUG 2021-05-12 21:32:00,895 utils (0.000) SELECT "cities_city"."id", "cities_city"."name" FROM "cities_city" ORDER BY "cities_city"."name" ASC; args=()
DEBUG 2021-05-12 21:37:02,529 utils (0.000) 
            SELECT name, type FROM sqlite_master
            WHERE type in ('table', 'view') AND NOT name='sqlite_sequence'
            ORDER BY name; args=None
DEBUG 2021-05-12 21:37:02,545 utils (0.000) SELECT "django_migrations"."id", "django_migrations"."app", "django_migrations"."name", "django_migrations"."applied" FROM "django_migrations"; args=()
DEBUG 2021-05-12 21:37:29,713 utils (0.000) 
            SELECT name, type FROM sqlite_master
            WHERE type in ('table', 'view') AND NOT name='sqlite_sequence'
            ORDER BY name; args=None
DEBUG 2021-05-12 21:37:29,728 utils (0.000) SELECT "django_migrations"."id", "django_migrations"."app", "django_migrations"."name", "django_migrations"."applied" FROM "django_migrations"; args=()
DEBUG 2021-05-12 21:38:19,742 utils (0.000) 
            SELECT name, type FROM sqlite_master
            WHERE type in ('table', 'view') AND NOT name='sqlite_sequence'
            ORDER BY name; args=None
DEBUG 2021-05-12 21:38:19,758 utils (0.015) SELECT "django_migrations"."id", "django_migrations"."app", "django_migrations"."name", "django_migrations"."applied" FROM "django_migrations"; args=()
DEBUG 2021-05-12 21:38:52,491 utils (0.000) 
            SELECT name, type FROM sqlite_master
            WHERE type in ('table', 'view') AND NOT name='sqlite_sequence'
            ORDER BY name; args=None
DEBUG 2021-05-12 21:38:52,491 utils (0.000) SELECT "django_migrations"."id", "django_migrations"."app", "django_migrations"."name", "django_migrations"."applied" FROM "django_migrations"; args=()
DEBUG 2021-05-12 21:40:12,999 utils (0.000) 
            SELECT name, type FROM sqlite_master
            WHERE type in ('table', 'view') AND NOT name='sqlite_sequence'
            ORDER BY name; args=None
DEBUG 2021-05-12 21:40:13,014 utils (0.000) SELECT "django_migrations"."id", "django_migrations"."app", "django_migrations"."name", "django_migrations"."applied" FROM "django_migrations"; args=()
DEBUG 2021-05-12 21:41:51,172 utils (0.000) 
            SELECT name, type FROM sqlite_master
            WHERE type in ('table', 'view') AND NOT name='sqlite_sequence'
            ORDER BY name; args=None
DEBUG 2021-05-12 21:41:51,181 utils (0.000) SELECT "django_migrations"."id", "django_migrations"."app", "django_migrations"."name", "django_migrations"."applied" FROM "django_migrations"; args=()
DEBUG 2021-05-12 21:42:15,256 utils (0.000) 
            SELECT name, type FROM sqlite_master
            WHERE type in ('table', 'view') AND NOT name='sqlite_sequence'
            ORDER BY name; args=None
DEBUG 2021-05-12 21:42:15,272 utils (0.000) SELECT "django_migrations"."id", "django_migrations"."app", "django_migrations"."name", "django_migrations"."applied" FROM "django_migrations"; args=()
DEBUG 2021-05-12 21:44:14,495 utils (0.000) 
            SELECT name, type FROM sqlite_master
            WHERE type in ('table', 'view') AND NOT name='sqlite_sequence'
            ORDER BY name; args=None
DEBUG 2021-05-12 21:44:14,504 utils (0.000) SELECT "django_migrations"."id", "django_migrations"."app", "django_migrations"."name", "django_migrations"."applied" FROM "django_migrations"; args=()
DEBUG 2021-05-12 21:44:49,900 utils (0.000) 
            SELECT name, type FROM sqlite_master
            WHERE type in ('table', 'view') AND NOT name='sqlite_sequence'
            ORDER BY name; args=None
DEBUG 2021-05-12 21:44:49,910 utils (0.016) SELECT "django_migrations"."id", "django_migrations"."app", "django_migrations"."name", "django_migrations"."applied" FROM "django_migrations"; args=()
DEBUG 2021-05-12 21:45:17,417 utils (0.016) 
            SELECT name, type FROM sqlite_master
            WHERE type in ('table', 'view') AND NOT name='sqlite_sequence'
            ORDER BY name; args=None
DEBUG 2021-05-12 21:45:17,417 utils (0.000) SELECT "django_migrations"."id", "django_migrations"."app", "django_migrations"."name", "django_migrations"."applied" FROM "django_migrations"; args=()
DEBUG 2021-05-12 21:46:26,880 utils (0.000) 
            SELECT name, type FROM sqlite_master
            WHERE type in ('table', 'view') AND NOT name='sqlite_sequence'
            ORDER BY name; args=None
DEBUG 2021-05-12 21:46:26,896 utils (0.000) SELECT "django_migrations"."id", "django_migrations"."app", "django_migrations"."name", "django_migrations"."applied" FROM "django_migrations"; args=()
DEBUG 2021-05-12 21:47:44,183 utils (0.000) 
            SELECT name, type FROM sqlite_master
            WHERE type in ('table', 'view') AND NOT name='sqlite_sequence'
            ORDER BY name; args=None
DEBUG 2021-05-12 21:47:44,199 utils (0.016) SELECT "django_migrations"."id", "django_migrations"."app", "django_migrations"."name", "django_migrations"."applied" FROM "django_migrations"; args=()
DEBUG 2021-05-12 21:48:21,972 utils (0.000) 
            SELECT name, type FROM sqlite_master
            WHERE type in ('table', 'view') AND NOT name='sqlite_sequence'
            ORDER BY name; args=None
DEBUG 2021-05-12 21:48:21,972 utils (0.000) SELECT "django_migrations"."id", "django_migrations"."app", "django_migrations"."name", "django_migrations"."applied" FROM "django_migrations"; args=()
DEBUG 2021-05-12 21:49:49,504 utils (0.000) 
            SELECT name, type FROM sqlite_master
            WHERE type in ('table', 'view') AND NOT name='sqlite_sequence'
            ORDER BY name; args=None
DEBUG 2021-05-12 21:49:49,504 utils (0.000) SELECT "django_migrations"."id", "django_migrations"."app", "django_migrations"."name", "django_migrations"."applied" FROM "django_migrations"; args=()
DEBUG 2021-05-12 21:50:22,079 utils (0.000) 
            SELECT name, type FROM sqlite_master
            WHERE type in ('table', 'view') AND NOT name='sqlite_sequence'
            ORDER BY name; args=None
DEBUG 2021-05-12 21:50:22,079 utils (0.000) SELECT "django_migrations"."id", "django_migrations"."app", "django_migrations"."name", "django_migrations"."applied" FROM "django_migrations"; args=()
DEBUG 2021-05-12 21:50:33,202 utils (0.000) 
            SELECT name, type FROM sqlite_master
            WHERE type in ('table', 'view') AND NOT name='sqlite_sequence'
            ORDER BY name; args=None
DEBUG 2021-05-12 21:50:33,211 utils (0.000) SELECT "django_migrations"."id", "django_migrations"."app", "django_migrations"."name", "django_migrations"."applied" FROM "django_migrations"; args=()
DEBUG 2021-05-12 21:50:53,036 utils (0.000) 
            SELECT name, type FROM sqlite_master
            WHERE type in ('table', 'view') AND NOT name='sqlite_sequence'
            ORDER BY name; args=None
DEBUG 2021-05-12 21:50:53,052 utils (0.015) SELECT "django_migrations"."id", "django_migrations"."app", "django_migrations"."name", "django_migrations"."applied" FROM "django_migrations"; args=()
DEBUG 2021-05-12 21:51:46,528 utils (0.000) 
            SELECT name, type FROM sqlite_master
            WHERE type in ('table', 'view') AND NOT name='sqlite_sequence'
            ORDER BY name; args=None
DEBUG 2021-05-12 21:51:46,528 utils (0.000) SELECT "django_migrations"."id", "django_migrations"."app", "django_migrations"."name", "django_migrations"."applied" FROM "django_migrations"; args=()
DEBUG 2021-05-12 21:52:00,638 utils (0.000) SELECT "cities_city"."id", "cities_city"."name" FROM "cities_city" ORDER BY "cities_city"."name" ASC; args=()
DEBUG 2021-05-12 21:52:00,660 utils (0.000) SELECT "cities_city"."id", "cities_city"."name" FROM "cities_city" ORDER BY "cities_city"."name" ASC; args=()
DEBUG 2021-05-12 21:52:00,672 utils (0.000) SELECT "cities_city"."id", "cities_city"."name" FROM "cities_city" ORDER BY "cities_city"."name" ASC; args=()
DEBUG 2021-05-12 21:52:18,797 utils (0.000) SELECT "cities_city"."id", "cities_city"."name" FROM "cities_city" WHERE "cities_city"."id" = 1 LIMIT 21; args=(1,)
DEBUG 2021-05-12 21:52:18,799 utils (0.000) SELECT "cities_city"."id", "cities_city"."name" FROM "cities_city" WHERE "cities_city"."id" = 4 LIMIT 21; args=(4,)
DEBUG 2021-05-12 21:52:18,802 utils (0.000) SELECT "trains_train"."id", "trains_train"."name", "trains_train"."travel_time", "trains_train"."from_city_id", "trains_train"."to_city_id", "cities_city"."id", "cities_city"."name", T3."id", T3."name" FROM "trains_train" INNER JOIN "cities_city" ON ("trains_train"."from_city_id" = "cities_city"."id") INNER JOIN "cities_city" T3 ON ("trains_train"."to_city_id" = T3."id") ORDER BY "trains_train"."travel_time" ASC; args=()
DEBUG 2021-05-12 21:52:18,816 utils (0.000) SELECT "cities_city"."id", "cities_city"."name" FROM "cities_city" ORDER BY "cities_city"."name" ASC; args=()
DEBUG 2021-05-12 21:52:18,829 utils (0.000) SELECT "cities_city"."id", "cities_city"."name" FROM "cities_city" ORDER BY "cities_city"."name" ASC; args=()
DEBUG 2021-05-12 21:52:18,840 utils (0.000) SELECT "cities_city"."id", "cities_city"."name" FROM "cities_city" ORDER BY "cities_city"."name" ASC; args=()
DEBUG 2021-05-12 21:54:09,052 utils (0.015) 
            SELECT name, type FROM sqlite_master
            WHERE type in ('table', 'view') AND NOT name='sqlite_sequence'
            ORDER BY name; args=None
DEBUG 2021-05-12 21:54:09,052 utils (0.000) SELECT "django_migrations"."id", "django_migrations"."app", "django_migrations"."name", "django_migrations"."applied" FROM "django_migrations"; args=()
DEBUG 2021-05-12 21:55:40,508 utils (0.000) 
            SELECT name, type FROM sqlite_master
            WHERE type in ('table', 'view') AND NOT name='sqlite_sequence'
            ORDER BY name; args=None
DEBUG 2021-05-12 21:55:40,523 utils (0.000) SELECT "django_migrations"."id", "django_migrations"."app", "django_migrations"."name", "django_migrations"."applied" FROM "django_migrations"; args=()
DEBUG 2021-05-12 21:55:45,666 utils (0.000) 
            SELECT name, type FROM sqlite_master
            WHERE type in ('table', 'view') AND NOT name='sqlite_sequence'
            ORDER BY name; args=None
DEBUG 2021-05-12 21:55:45,666 utils (0.000) SELECT "django_migrations"."id", "django_migrations"."app", "django_migrations"."name", "django_migrations"."applied" FROM "django_migrations"; args=()
DEBUG 2021-05-12 21:56:42,236 utils (0.016) 
            SELECT name, type FROM sqlite_master
            WHERE type in ('table', 'view') AND NOT name='sqlite_sequence'
            ORDER BY name; args=None
DEBUG 2021-05-12 21:56:42,245 utils (0.000) SELECT "django_migrations"."id", "django_migrations"."app", "django_migrations"."name", "django_migrations"."applied" FROM "django_migrations"; args=()
DEBUG 2021-05-12 21:57:32,442 utils (0.000) 
            SELECT name, type FROM sqlite_master
            WHERE type in ('table', 'view') AND NOT name='sqlite_sequence'
            ORDER BY name; args=None
DEBUG 2021-05-12 21:57:32,442 utils (0.000) SELECT "django_migrations"."id", "django_migrations"."app", "django_migrations"."name", "django_migrations"."applied" FROM "django_migrations"; args=()
DEBUG 2021-05-12 21:58:09,260 utils (0.000) 
            SELECT name, type FROM sqlite_master
            WHERE type in ('table', 'view') AND NOT name='sqlite_sequence'
            ORDER BY name; args=None
DEBUG 2021-05-12 21:58:09,276 utils (0.000) SELECT "django_migrations"."id", "django_migrations"."app", "django_migrations"."name", "django_migrations"."applied" FROM "django_migrations"; args=()
DEBUG 2021-05-12 21:59:20,206 utils (0.000) 
            SELECT name, type FROM sqlite_master
            WHERE type in ('table', 'view') AND NOT name='sqlite_sequence'
            ORDER BY name; args=None
DEBUG 2021-05-12 21:59:20,222 utils (0.000) SELECT "django_migrations"."id", "django_migrations"."app", "django_migrations"."name", "django_migrations"."applied" FROM "django_migrations"; args=()
DEBUG 2021-05-12 21:59:59,948 utils (0.000) 
            SELECT name, type FROM sqlite_master
            WHERE type in ('table', 'view') AND NOT name='sqlite_sequence'
            ORDER BY name; args=None
DEBUG 2021-05-12 21:59:59,957 utils (0.000) SELECT "django_migrations"."id", "django_migrations"."app", "django_migrations"."name", "django_migrations"."applied" FROM "django_migrations"; args=()
DEBUG 2021-05-12 22:00:34,941 utils (0.000) 
            SELECT name, type FROM sqlite_master
            WHERE type in ('table', 'view') AND NOT name='sqlite_sequence'
            ORDER BY name; args=None
DEBUG 2021-05-12 22:00:34,957 utils (0.000) SELECT "django_migrations"."id", "django_migrations"."app", "django_migrations"."name", "django_migrations"."applied" FROM "django_migrations"; args=()
DEBUG 2021-05-12 22:01:15,262 utils (0.000) 
            SELECT name, type FROM sqlite_master
            WHERE type in ('table', 'view') AND NOT name='sqlite_sequence'
            ORDER BY name; args=None
DEBUG 2021-05-12 22:01:15,272 utils (0.000) SELECT "django_migrations"."id", "django_migrations"."app", "django_migrations"."name", "django_migrations"."applied" FROM "django_migrations"; args=()
WARNING 2021-05-12 22:04:40,025 log Not Found: /add_routes/
DEBUG 2021-05-12 22:04:45,291 utils (0.000) SELECT "cities_city"."id", "cities_city"."name" FROM "cities_city" ORDER BY "cities_city"."name" ASC; args=()
DEBUG 2021-05-12 22:04:45,310 utils (0.000) SELECT "cities_city"."id", "cities_city"."name" FROM "cities_city" ORDER BY "cities_city"."name" ASC; args=()
DEBUG 2021-05-12 22:04:45,322 utils (0.000) SELECT "cities_city"."id", "cities_city"."name" FROM "cities_city" ORDER BY "cities_city"."name" ASC; args=()
DEBUG 2021-05-12 22:06:24,386 utils (0.000) SELECT "cities_city"."id", "cities_city"."name" FROM "cities_city" WHERE "cities_city"."id" = 1 LIMIT 21; args=(1,)
DEBUG 2021-05-12 22:06:24,387 utils (0.000) SELECT "cities_city"."id", "cities_city"."name" FROM "cities_city" WHERE "cities_city"."id" = 4 LIMIT 21; args=(4,)
DEBUG 2021-05-12 22:06:24,390 utils (0.000) SELECT "trains_train"."id", "trains_train"."name", "trains_train"."travel_time", "trains_train"."from_city_id", "trains_train"."to_city_id", "cities_city"."id", "cities_city"."name", T3."id", T3."name" FROM "trains_train" INNER JOIN "cities_city" ON ("trains_train"."from_city_id" = "cities_city"."id") INNER JOIN "cities_city" T3 ON ("trains_train"."to_city_id" = T3."id") ORDER BY "trains_train"."travel_time" ASC; args=()
DEBUG 2021-05-12 22:06:24,409 utils (0.000) SELECT "cities_city"."id", "cities_city"."name" FROM "cities_city" ORDER BY "cities_city"."name" ASC; args=()
DEBUG 2021-05-12 22:06:24,420 utils (0.000) SELECT "cities_city"."id", "cities_city"."name" FROM "cities_city" ORDER BY "cities_city"."name" ASC; args=()
DEBUG 2021-05-12 22:06:24,432 utils (0.000) SELECT "cities_city"."id", "cities_city"."name" FROM "cities_city" ORDER BY "cities_city"."name" ASC; args=()
DEBUG 2021-05-12 22:06:38,996 utils (0.000) SELECT "cities_city"."id", "cities_city"."name" FROM "cities_city" ORDER BY "cities_city"."name" ASC; args=()
DEBUG 2021-05-12 22:06:39,008 utils (0.000) SELECT "cities_city"."id", "cities_city"."name" FROM "cities_city" ORDER BY "cities_city"."name" ASC; args=()
DEBUG 2021-05-12 22:06:39,019 utils (0.000) SELECT "cities_city"."id", "cities_city"."name" FROM "cities_city" ORDER BY "cities_city"."name" ASC; args=()
DEBUG 2021-05-13 15:17:46,240 utils (0.000) 
            SELECT name, type FROM sqlite_master
            WHERE type in ('table', 'view') AND NOT name='sqlite_sequence'
            ORDER BY name; args=None
DEBUG 2021-05-13 15:17:46,255 utils (0.000) SELECT "django_migrations"."id", "django_migrations"."app", "django_migrations"."name", "django_migrations"."applied" FROM "django_migrations"; args=()
DEBUG 2021-05-13 15:18:58,369 utils (0.000) SELECT "cities_city"."id", "cities_city"."name" FROM "cities_city" ORDER BY "cities_city"."name" ASC; args=()
DEBUG 2021-05-13 15:18:58,383 utils (0.000) SELECT "cities_city"."id", "cities_city"."name" FROM "cities_city" ORDER BY "cities_city"."name" ASC; args=()
DEBUG 2021-05-13 15:18:58,388 utils (0.000) SELECT "cities_city"."id", "cities_city"."name" FROM "cities_city" ORDER BY "cities_city"."name" ASC; args=()
DEBUG 2021-05-13 15:19:17,817 utils (0.000) SELECT "django_session"."session_key", "django_session"."session_data", "django_session"."expire_date" FROM "django_session" WHERE ("django_session"."expire_date" > '2021-05-13 12:19:17.814236' AND "django_session"."session_key" = 'i2ax91e32qpfzd73wpdtkmj6r96tkgq4') LIMIT 21; args=('2021-05-13 12:19:17.814236', 'i2ax91e32qpfzd73wpdtkmj6r96tkgq4')
DEBUG 2021-05-13 15:19:19,765 utils (0.000) SELECT "auth_user"."id", "auth_user"."password", "auth_user"."last_login", "auth_user"."is_superuser", "auth_user"."username", "auth_user"."first_name", "auth_user"."last_name", "auth_user"."email", "auth_user"."is_staff", "auth_user"."is_active", "auth_user"."date_joined" FROM "auth_user" WHERE "auth_user"."username" = 'admin' LIMIT 21; args=('admin',)
DEBUG 2021-05-13 15:19:20,304 utils (0.078) UPDATE "auth_user" SET "password" = 'pbkdf2_sha256$216000$XtLZ5CCM4srL$xttQCVThiP5JnlBHefikAYc1cBzAB/nd7I1mdiozHBs=' WHERE "auth_user"."id" = 1; args=('pbkdf2_sha256$216000$XtLZ5CCM4srL$xttQCVThiP5JnlBHefikAYc1cBzAB/nd7I1mdiozHBs=', 1)
DEBUG 2021-05-13 15:19:20,306 utils (0.000) SELECT (1) AS "a" FROM "django_session" WHERE "django_session"."session_key" = 'yp9b6hvu6030iie1karb09bj2fp1rufp' LIMIT 1; args=('yp9b6hvu6030iie1karb09bj2fp1rufp',)
DEBUG 2021-05-13 15:19:20,307 utils (0.000) BEGIN; args=None
DEBUG 2021-05-13 15:19:20,309 utils (0.000) INSERT INTO "django_session" ("session_key", "session_data", "expire_date") SELECT 'yp9b6hvu6030iie1karb09bj2fp1rufp', 'e30:1lhAJE:2X0c_tw86jAe41lbBdBfjtRRruN4IYfID2TZ6rXs12U', '2021-05-27 12:19:20.306417'; args=('yp9b6hvu6030iie1karb09bj2fp1rufp', 'e30:1lhAJE:2X0c_tw86jAe41lbBdBfjtRRruN4IYfID2TZ6rXs12U', '2021-05-27 12:19:20.306417')
DEBUG 2021-05-13 15:19:20,455 utils (0.062) UPDATE "auth_user" SET "last_login" = '2021-05-13 12:19:20.388435' WHERE "auth_user"."id" = 1; args=('2021-05-13 12:19:20.388435', 1)
DEBUG 2021-05-13 15:19:20,456 utils (0.000) BEGIN; args=None
DEBUG 2021-05-13 15:19:20,459 utils (0.000) UPDATE "django_session" SET "session_data" = '.eJxVjEsOwjAMBe-SNYrkhjg1S_acoXISmxRQIvWzqrg7VOoCtm9m3mYGXpcyrLNMw5jNxYA5_W6R01PqDvKD673Z1OoyjdHuij3obG8ty-t6uH8HhefyrTVxRFbvOogZFRGJsmpPzImcuogZuiAQEJSoDy4Ffw4gyQOhEzHvDwSsOCs:1lhAJE:1bhtXcUOLdHMDI9V9oHrENqCgbsHkka6_ZmIaAlsh9Q', "expire_date" = '2021-05-27 12:19:20.456500' WHERE "django_session"."session_key" = 'yp9b6hvu6030iie1karb09bj2fp1rufp'; args=('.eJxVjEsOwjAMBe-SNYrkhjg1S_acoXISmxRQIvWzqrg7VOoCtm9m3mYGXpcyrLNMw5jNxYA5_W6R01PqDvKD673Z1OoyjdHuij3obG8ty-t6uH8HhefyrTVxRFbvOogZFRGJsmpPzImcuogZuiAQEJSoDy4Ffw4gyQOhEzHvDwSsOCs:1lhAJE:1bhtXcUOLdHMDI9V9oHrENqCgbsHkka6_ZmIaAlsh9Q', '2021-05-27 12:19:20.456500', 'yp9b6hvu6030iie1karb09bj2fp1rufp')
DEBUG 2021-05-13 15:19:20,540 utils (0.000) SELECT "django_session"."session_key", "django_session"."session_data", "django_session"."expire_date" FROM "django_session" WHERE ("django_session"."expire_date" > '2021-05-13 12:19:20.536443' AND "django_session"."session_key" = 'yp9b6hvu6030iie1karb09bj2fp1rufp') LIMIT 21; args=('2021-05-13 12:19:20.536443', 'yp9b6hvu6030iie1karb09bj2fp1rufp')
DEBUG 2021-05-13 15:19:20,542 utils (0.000) SELECT "auth_user"."id", "auth_user"."password", "auth_user"."last_login", "auth_user"."is_superuser", "auth_user"."username", "auth_user"."first_name", "auth_user"."last_name", "auth_user"."email", "auth_user"."is_staff", "auth_user"."is_active", "auth_user"."date_joined" FROM "auth_user" WHERE "auth_user"."id" = 1 LIMIT 21; args=(1,)
DEBUG 2021-05-13 15:19:20,568 utils (0.000) SELECT "django_admin_log"."id", "django_admin_log"."action_time", "django_admin_log"."user_id", "django_admin_log"."content_type_id", "django_admin_log"."object_id", "django_admin_log"."object_repr", "django_admin_log"."action_flag", "django_admin_log"."change_message", "auth_user"."id", "auth_user"."password", "auth_user"."last_login", "auth_user"."is_superuser", "auth_user"."username", "auth_user"."first_name", "auth_user"."last_name", "auth_user"."email", "auth_user"."is_staff", "auth_user"."is_active", "auth_user"."date_joined", "django_content_type"."id", "django_content_type"."app_label", "django_content_type"."model" FROM "django_admin_log" INNER JOIN "auth_user" ON ("django_admin_log"."user_id" = "auth_user"."id") LEFT OUTER JOIN "django_content_type" ON ("django_admin_log"."content_type_id" = "django_content_type"."id") WHERE "django_admin_log"."user_id" = 1 ORDER BY "django_admin_log"."action_time" DESC LIMIT 10; args=(1,)
DEBUG 2021-05-13 15:19:28,939 utils (0.000) SELECT "django_session"."session_key", "django_session"."session_data", "django_session"."expire_date" FROM "django_session" WHERE ("django_session"."expire_date" > '2021-05-13 12:19:28.935018' AND "django_session"."session_key" = 'yp9b6hvu6030iie1karb09bj2fp1rufp') LIMIT 21; args=('2021-05-13 12:19:28.935018', 'yp9b6hvu6030iie1karb09bj2fp1rufp')
DEBUG 2021-05-13 15:19:28,940 utils (0.000) SELECT "auth_user"."id", "auth_user"."password", "auth_user"."last_login", "auth_user"."is_superuser", "auth_user"."username", "auth_user"."first_name", "auth_user"."last_name", "auth_user"."email", "auth_user"."is_staff", "auth_user"."is_active", "auth_user"."date_joined" FROM "auth_user" WHERE "auth_user"."id" = 1 LIMIT 21; args=(1,)
DEBUG 2021-05-13 15:19:28,942 utils (0.000) SELECT COUNT(*) AS "__count" FROM "routes_route"; args=()
DEBUG 2021-05-13 15:19:28,942 utils (0.000) SELECT COUNT(*) AS "__count" FROM "routes_route"; args=()
DEBUG 2021-05-13 15:19:28,945 utils (0.000) SELECT "routes_route"."id", "routes_route"."name", "routes_route"."travel_times", "routes_route"."from_city_id", "routes_route"."to_city_id" FROM "routes_route" ORDER BY "routes_route"."travel_times" ASC, "routes_route"."id" DESC; args=()
DEBUG 2021-05-13 15:19:28,991 utils (0.000) SELECT "cities_city"."id", "cities_city"."name" FROM "cities_city" WHERE "cities_city"."id" = 1 LIMIT 21; args=(1,)
DEBUG 2021-05-13 15:19:29,021 utils (0.000) SELECT "django_session"."session_key", "django_session"."session_data", "django_session"."expire_date" FROM "django_session" WHERE ("django_session"."expire_date" > '2021-05-13 12:19:29.019187' AND "django_session"."session_key" = 'yp9b6hvu6030iie1karb09bj2fp1rufp') LIMIT 21; args=('2021-05-13 12:19:29.019187', 'yp9b6hvu6030iie1karb09bj2fp1rufp')
DEBUG 2021-05-13 15:19:29,024 utils (0.000) SELECT "auth_user"."id", "auth_user"."password", "auth_user"."last_login", "auth_user"."is_superuser", "auth_user"."username", "auth_user"."first_name", "auth_user"."last_name", "auth_user"."email", "auth_user"."is_staff", "auth_user"."is_active", "auth_user"."date_joined" FROM "auth_user" WHERE "auth_user"."id" = 1 LIMIT 21; args=(1,)
DEBUG 2021-05-13 15:19:30,164 utils (0.000) SELECT "django_session"."session_key", "django_session"."session_data", "django_session"."expire_date" FROM "django_session" WHERE ("django_session"."expire_date" > '2021-05-13 12:19:30.162194' AND "django_session"."session_key" = 'yp9b6hvu6030iie1karb09bj2fp1rufp') LIMIT 21; args=('2021-05-13 12:19:30.162194', 'yp9b6hvu6030iie1karb09bj2fp1rufp')
DEBUG 2021-05-13 15:19:30,166 utils (0.000) SELECT "auth_user"."id", "auth_user"."password", "auth_user"."last_login", "auth_user"."is_superuser", "auth_user"."username", "auth_user"."first_name", "auth_user"."last_name", "auth_user"."email", "auth_user"."is_staff", "auth_user"."is_active", "auth_user"."date_joined" FROM "auth_user" WHERE "auth_user"."id" = 1 LIMIT 21; args=(1,)
DEBUG 2021-05-13 15:19:30,167 utils (0.000) BEGIN; args=None
DEBUG 2021-05-13 15:19:30,168 utils (0.000) SELECT "routes_route"."id", "routes_route"."name", "routes_route"."travel_times", "routes_route"."from_city_id", "routes_route"."to_city_id" FROM "routes_route" WHERE "routes_route"."id" = 1 LIMIT 21; args=(1,)
DEBUG 2021-05-13 15:19:30,172 utils (0.000) SELECT "trains_train"."id", "trains_train"."name", "trains_train"."travel_time", "trains_train"."from_city_id", "trains_train"."to_city_id" FROM "trains_train" INNER JOIN "routes_route_trains" ON ("trains_train"."id" = "routes_route_trains"."train_id") WHERE "routes_route_trains"."route_id" = 1 ORDER BY "trains_train"."travel_time" ASC; args=(1,)
DEBUG 2021-05-13 15:19:30,175 utils (0.000) SELECT "django_content_type"."id", "django_content_type"."app_label", "django_content_type"."model" FROM "django_content_type" WHERE ("django_content_type"."app_label" = 'routes' AND "django_content_type"."model" = 'route') LIMIT 21; args=('routes', 'route')
DEBUG 2021-05-13 15:19:30,190 utils (0.000) SELECT "cities_city"."id", "cities_city"."name" FROM "cities_city" WHERE "cities_city"."id" = 1 LIMIT 21; args=(1,)
DEBUG 2021-05-13 15:19:30,209 utils (0.000) SELECT "cities_city"."id", "cities_city"."name" FROM "cities_city" ORDER BY "cities_city"."name" ASC; args=()
DEBUG 2021-05-13 15:19:30,219 utils (0.000) SELECT "cities_city"."id", "cities_city"."name" FROM "cities_city" ORDER BY "cities_city"."name" ASC; args=()
DEBUG 2021-05-13 15:19:30,228 utils (0.000) SELECT "trains_train"."id", "trains_train"."name", "trains_train"."travel_time", "trains_train"."from_city_id", "trains_train"."to_city_id" FROM "trains_train" ORDER BY "trains_train"."travel_time" ASC; args=()
DEBUG 2021-05-13 15:19:30,228 utils (0.000) SELECT "cities_city"."id", "cities_city"."name" FROM "cities_city" WHERE "cities_city"."id" = 1 LIMIT 21; args=(1,)
DEBUG 2021-05-13 15:19:30,229 utils (0.000) SELECT "cities_city"."id", "cities_city"."name" FROM "cities_city" WHERE "cities_city"."id" = 1 LIMIT 21; args=(1,)
DEBUG 2021-05-13 15:19:30,230 utils (0.000) SELECT "cities_city"."id", "cities_city"."name" FROM "cities_city" WHERE "cities_city"."id" = 1 LIMIT 21; args=(1,)
DEBUG 2021-05-13 15:19:30,268 utils (0.000) SELECT "django_session"."session_key", "django_session"."session_data", "django_session"."expire_date" FROM "django_session" WHERE ("django_session"."expire_date" > '2021-05-13 12:19:30.266172' AND "django_session"."session_key" = 'yp9b6hvu6030iie1karb09bj2fp1rufp') LIMIT 21; args=('2021-05-13 12:19:30.266172', 'yp9b6hvu6030iie1karb09bj2fp1rufp')
DEBUG 2021-05-13 15:19:30,269 utils (0.000) SELECT "auth_user"."id", "auth_user"."password", "auth_user"."last_login", "auth_user"."is_superuser", "auth_user"."username", "auth_user"."first_name", "auth_user"."last_name", "auth_user"."email", "auth_user"."is_staff", "auth_user"."is_active", "auth_user"."date_joined" FROM "auth_user" WHERE "auth_user"."id" = 1 LIMIT 21; args=(1,)
DEBUG 2021-05-13 15:31:28,684 utils (0.000) 
            SELECT name, type FROM sqlite_master
            WHERE type in ('table', 'view') AND NOT name='sqlite_sequence'
            ORDER BY name; args=None
DEBUG 2021-05-13 15:31:28,689 utils (0.000) SELECT "django_migrations"."id", "django_migrations"."app", "django_migrations"."name", "django_migrations"."applied" FROM "django_migrations"; args=()
DEBUG 2021-05-13 15:31:33,634 utils (0.000) SELECT "cities_city"."id", "cities_city"."name" FROM "cities_city" ORDER BY "cities_city"."name" ASC; args=()
DEBUG 2021-05-13 15:31:33,642 utils (0.000) SELECT "cities_city"."id", "cities_city"."name" FROM "cities_city" ORDER BY "cities_city"."name" ASC; args=()
DEBUG 2021-05-13 15:31:33,648 utils (0.000) SELECT "cities_city"."id", "cities_city"."name" FROM "cities_city" ORDER BY "cities_city"."name" ASC; args=()
DEBUG 2021-05-13 15:31:46,217 utils (0.000) SELECT "cities_city"."id", "cities_city"."name" FROM "cities_city" WHERE "cities_city"."id" = 1 LIMIT 21; args=(1,)
DEBUG 2021-05-13 15:31:46,218 utils (0.000) SELECT "cities_city"."id", "cities_city"."name" FROM "cities_city" WHERE "cities_city"."id" = 4 LIMIT 21; args=(4,)
DEBUG 2021-05-13 15:31:46,219 utils (0.000) SELECT "cities_city"."id", "cities_city"."name" FROM "cities_city" ORDER BY "cities_city"."name" ASC; args=()
DEBUG 2021-05-13 15:31:46,224 utils (0.000) SELECT "cities_city"."id", "cities_city"."name" FROM "cities_city" ORDER BY "cities_city"."name" ASC; args=()
DEBUG 2021-05-13 15:31:46,229 utils (0.000) SELECT "cities_city"."id", "cities_city"."name" FROM "cities_city" ORDER BY "cities_city"."name" ASC; args=()
DEBUG 2021-05-13 15:31:46,242 utils (0.000) SELECT "trains_train"."id", "trains_train"."name", "trains_train"."travel_time", "trains_train"."from_city_id", "trains_train"."to_city_id", "cities_city"."id", "cities_city"."name", T3."id", T3."name" FROM "trains_train" INNER JOIN "cities_city" ON ("trains_train"."from_city_id" = "cities_city"."id") INNER JOIN "cities_city" T3 ON ("trains_train"."to_city_id" = T3."id") ORDER BY "trains_train"."travel_time" ASC; args=()
DEBUG 2021-05-13 15:31:46,250 utils (0.000) SELECT "cities_city"."id", "cities_city"."name" FROM "cities_city" ORDER BY "cities_city"."name" ASC; args=()
DEBUG 2021-05-13 15:31:46,255 utils (0.000) SELECT "cities_city"."id", "cities_city"."name" FROM "cities_city" ORDER BY "cities_city"."name" ASC; args=()
DEBUG 2021-05-13 15:31:46,259 utils (0.000) SELECT "cities_city"."id", "cities_city"."name" FROM "cities_city" ORDER BY "cities_city"."name" ASC; args=()
DEBUG 2021-05-13 15:32:08,671 utils (0.000) 
            SELECT name, type FROM sqlite_master
            WHERE type in ('table', 'view') AND NOT name='sqlite_sequence'
            ORDER BY name; args=None
DEBUG 2021-05-13 15:32:08,671 utils (0.000) SELECT "django_migrations"."id", "django_migrations"."app", "django_migrations"."name", "django_migrations"."applied" FROM "django_migrations"; args=()
DEBUG 2021-05-13 15:33:22,822 utils (0.000) SELECT "cities_city"."id", "cities_city"."name" FROM "cities_city" WHERE "cities_city"."id" = 1 LIMIT 21; args=(1,)
DEBUG 2021-05-13 15:33:22,823 utils (0.000) SELECT "cities_city"."id", "cities_city"."name" FROM "cities_city" WHERE "cities_city"."id" = 4 LIMIT 21; args=(4,)
DEBUG 2021-05-13 15:33:22,825 utils (0.000) SELECT "trains_train"."id", "trains_train"."name", "trains_train"."travel_time", "trains_train"."from_city_id", "trains_train"."to_city_id", "cities_city"."id", "cities_city"."name", T3."id", T3."name" FROM "trains_train" INNER JOIN "cities_city" ON ("trains_train"."from_city_id" = "cities_city"."id") INNER JOIN "cities_city" T3 ON ("trains_train"."to_city_id" = T3."id") ORDER BY "trains_train"."travel_time" ASC; args=()
DEBUG 2021-05-13 15:33:22,849 utils (0.000) SELECT "cities_city"."id", "cities_city"."name" FROM "cities_city" ORDER BY "cities_city"."name" ASC; args=()
DEBUG 2021-05-13 15:33:22,857 utils (0.000) SELECT "cities_city"."id", "cities_city"."name" FROM "cities_city" ORDER BY "cities_city"."name" ASC; args=()
DEBUG 2021-05-13 15:33:22,863 utils (0.000) SELECT "cities_city"."id", "cities_city"."name" FROM "cities_city" ORDER BY "cities_city"."name" ASC; args=()
DEBUG 2021-05-13 15:33:40,343 utils (0.000) 
            SELECT name, type FROM sqlite_master
            WHERE type in ('table', 'view') AND NOT name='sqlite_sequence'
            ORDER BY name; args=None
DEBUG 2021-05-13 15:33:40,343 utils (0.000) SELECT "django_migrations"."id", "django_migrations"."app", "django_migrations"."name", "django_migrations"."applied" FROM "django_migrations"; args=()
DEBUG 2021-05-13 15:33:45,890 utils (0.000) SELECT "cities_city"."id", "cities_city"."name" FROM "cities_city" WHERE "cities_city"."id" = 1 LIMIT 21; args=(1,)
DEBUG 2021-05-13 15:33:45,891 utils (0.000) SELECT "cities_city"."id", "cities_city"."name" FROM "cities_city" WHERE "cities_city"."id" = 4 LIMIT 21; args=(4,)
DEBUG 2021-05-13 15:33:45,893 utils (0.000) SELECT "cities_city"."id", "cities_city"."name" FROM "cities_city" ORDER BY "cities_city"."name" ASC; args=()
DEBUG 2021-05-13 15:33:45,905 utils (0.000) SELECT "cities_city"."id", "cities_city"."name" FROM "cities_city" ORDER BY "cities_city"."name" ASC; args=()
DEBUG 2021-05-13 15:33:45,911 utils (0.000) SELECT "cities_city"."id", "cities_city"."name" FROM "cities_city" ORDER BY "cities_city"."name" ASC; args=()
DEBUG 2021-05-13 15:33:45,921 utils (0.000) SELECT "trains_train"."id", "trains_train"."name", "trains_train"."travel_time", "trains_train"."from_city_id", "trains_train"."to_city_id", "cities_city"."id", "cities_city"."name", T3."id", T3."name" FROM "trains_train" INNER JOIN "cities_city" ON ("trains_train"."from_city_id" = "cities_city"."id") INNER JOIN "cities_city" T3 ON ("trains_train"."to_city_id" = T3."id") ORDER BY "trains_train"."travel_time" ASC; args=()
DEBUG 2021-05-13 15:33:45,940 utils (0.000) SELECT "cities_city"."id", "cities_city"."name" FROM "cities_city" ORDER BY "cities_city"."name" ASC; args=()
DEBUG 2021-05-13 15:33:45,945 utils (0.000) SELECT "cities_city"."id", "cities_city"."name" FROM "cities_city" ORDER BY "cities_city"."name" ASC; args=()
DEBUG 2021-05-13 15:33:45,950 utils (0.000) SELECT "cities_city"."id", "cities_city"."name" FROM "cities_city" ORDER BY "cities_city"."name" ASC; args=()
DEBUG 2021-05-13 15:33:48,670 utils (0.000) SELECT "cities_city"."id", "cities_city"."name" FROM "cities_city" WHERE "cities_city"."id" = 1 LIMIT 21; args=(1,)
DEBUG 2021-05-13 15:33:48,671 utils (0.000) SELECT "cities_city"."id", "cities_city"."name" FROM "cities_city" WHERE "cities_city"."id" = 4 LIMIT 21; args=(4,)
DEBUG 2021-05-13 15:33:48,673 utils (0.000) SELECT "cities_city"."id", "cities_city"."name" FROM "cities_city" ORDER BY "cities_city"."name" ASC; args=()
DEBUG 2021-05-13 15:33:48,679 utils (0.000) SELECT "cities_city"."id", "cities_city"."name" FROM "cities_city" ORDER BY "cities_city"."name" ASC; args=()
DEBUG 2021-05-13 15:33:48,683 utils (0.000) SELECT "cities_city"."id", "cities_city"."name" FROM "cities_city" ORDER BY "cities_city"."name" ASC; args=()
DEBUG 2021-05-13 15:33:48,694 utils (0.000) SELECT "trains_train"."id", "trains_train"."name", "trains_train"."travel_time", "trains_train"."from_city_id", "trains_train"."to_city_id", "cities_city"."id", "cities_city"."name", T3."id", T3."name" FROM "trains_train" INNER JOIN "cities_city" ON ("trains_train"."from_city_id" = "cities_city"."id") INNER JOIN "cities_city" T3 ON ("trains_train"."to_city_id" = T3."id") ORDER BY "trains_train"."travel_time" ASC; args=()
DEBUG 2021-05-13 15:33:48,700 utils (0.000) SELECT "cities_city"."id", "cities_city"."name" FROM "cities_city" ORDER BY "cities_city"."name" ASC; args=()
DEBUG 2021-05-13 15:33:48,705 utils (0.000) SELECT "cities_city"."id", "cities_city"."name" FROM "cities_city" ORDER BY "cities_city"."name" ASC; args=()
DEBUG 2021-05-13 15:33:48,711 utils (0.000) SELECT "cities_city"."id", "cities_city"."name" FROM "cities_city" ORDER BY "cities_city"."name" ASC; args=()
DEBUG 2021-05-13 15:38:18,346 utils (0.000) SELECT "cities_city"."id", "cities_city"."name" FROM "cities_city" WHERE "cities_city"."id" = 1 LIMIT 21; args=(1,)
DEBUG 2021-05-13 15:38:18,347 utils (0.000) SELECT "cities_city"."id", "cities_city"."name" FROM "cities_city" WHERE "cities_city"."id" = 4 LIMIT 21; args=(4,)
DEBUG 2021-05-13 15:38:18,348 utils (0.000) SELECT "cities_city"."id", "cities_city"."name" FROM "cities_city" ORDER BY "cities_city"."name" ASC; args=()
DEBUG 2021-05-13 15:38:18,355 utils (0.000) SELECT "cities_city"."id", "cities_city"."name" FROM "cities_city" ORDER BY "cities_city"."name" ASC; args=()
DEBUG 2021-05-13 15:38:18,362 utils (0.000) SELECT "cities_city"."id", "cities_city"."name" FROM "cities_city" ORDER BY "cities_city"."name" ASC; args=()
DEBUG 2021-05-13 15:38:18,374 utils (0.000) SELECT "trains_train"."id", "trains_train"."name", "trains_train"."travel_time", "trains_train"."from_city_id", "trains_train"."to_city_id", "cities_city"."id", "cities_city"."name", T3."id", T3."name" FROM "trains_train" INNER JOIN "cities_city" ON ("trains_train"."from_city_id" = "cities_city"."id") INNER JOIN "cities_city" T3 ON ("trains_train"."to_city_id" = T3."id") ORDER BY "trains_train"."travel_time" ASC; args=()
DEBUG 2021-05-13 15:38:18,383 utils (0.000) SELECT "cities_city"."id", "cities_city"."name" FROM "cities_city" ORDER BY "cities_city"."name" ASC; args=()
DEBUG 2021-05-13 15:38:18,388 utils (0.000) SELECT "cities_city"."id", "cities_city"."name" FROM "cities_city" ORDER BY "cities_city"."name" ASC; args=()
DEBUG 2021-05-13 15:38:18,394 utils (0.000) SELECT "cities_city"."id", "cities_city"."name" FROM "cities_city" ORDER BY "cities_city"."name" ASC; args=()
